#
# There is insufficient memory for the Java Runtime Environment to continue.
# Native memory allocation (malloc) failed to allocate 248016 bytes for Chunk::new
# Possible reasons:
#   The system is out of physical RAM or swap space
#   The process is running with CompressedOops enabled, and the Java Heap may be blocking the growth of the native heap
# Possible solutions:
#   Reduce memory load on the system
#   Increase physical memory or swap space
#   Check if swap backing store is full
#   Decrease Java heap size (-Xmx/-Xms)
#   Decrease number of Java threads
#   Decrease Java thread stack sizes (-Xss)
#   Set larger code cache with -XX:ReservedCodeCacheSize=
#   JVM is running with Unscaled Compressed Oops mode in which the Java heap is
#     placed in the first 4GB address space. The Java Heap base address is the
#     maximum limit for the native heap growth. Please use -XX:HeapBaseMinAddress
#     to set the Java Heap base and to place the Java Heap above 4GB virtual address.
# This output file may be truncated or incomplete.
#
#  Out of Memory Error (t:/workspace/open/src/hotspot/share/memory/arena.cpp:197), pid=13272, tid=23948
#
# JRE version: Java(TM) SE Runtime Environment (12.0.1+12) (build 12.0.1+12)
# Java VM: Java HotSpot(TM) 64-Bit Server VM (12.0.1+12, mixed mode, sharing, tiered, compressed oops, g1 gc, windows-amd64)
# No core dump will be written. Minidumps are not enabled by default on client versions of Windows
#

---------------  S U M M A R Y ------------

Command Line: --add-modules=ALL-SYSTEM --add-opens=java.base/java.util=ALL-UNNAMED --add-opens=java.base/java.lang=ALL-UNNAMED -Declipse.application=org.eclipse.jdt.ls.core.id1 -Dosgi.bundles.defaultStartLevel=4 -Declipse.product=org.eclipse.jdt.ls.core.product -Dfile.encoding=utf8 -DwatchParentProcess=false -Xverify:none -Xmx1G -XX:+UseG1GC -XX:+UseStringDeduplication C:\Users\Chennuo\.vscode\extensions\redhat.java-0.46.0\server\plugins\org.eclipse.equinox.launcher_1.5.400.v20190515-0925.jar -configuration C:\Users\Chennuo\.vscode\extensions\redhat.java-0.46.0\server\config_win -data c:\Users\Chennuo\AppData\Roaming\Code\User\workspaceStorage\00b880fa279b4631ab0bb3e30aca4a82\redhat.java\jdt_ws

Host: Intel(R) Core(TM) i5-7300HQ CPU @ 2.50GHz, 4 cores, 7G,  Windows 10 , 64 bit Build 17134 (10.0.17134.753)
Time: Mon Jun 10 13:53:26 2019 ?D1ú±ê×?ê±?? elapsed time: 1 seconds (0d 0h 0m 1s)

---------------  T H R E A D  ---------------

Current thread (0x000002107f01e800):  JavaThread "C2 CompilerThread0" daemon [_thread_in_native, id=23948, stack(0x0000003e3e400000,0x0000003e3e500000)]


Current CompileTask:
C2:   1780  606   !   4       java.lang.StringCoding::decode (165 bytes)

Stack: [0x0000003e3e400000,0x0000003e3e500000]
Native frames: (J=compiled Java code, j=interpreted, Vv=VM code, C=native code)
V  [jvm.dll+0x63948a]
V  [jvm.dll+0x78b31f]
V  [jvm.dll+0x78c9c1]
V  [jvm.dll+0x78d013]
V  [jvm.dll+0x262138]
V  [jvm.dll+0xc582c]
V  [jvm.dll+0xc5dac]
V  [jvm.dll+0x3796a7]
V  [jvm.dll+0x345493]
V  [jvm.dll+0x34485a]
V  [jvm.dll+0x21c035]
V  [jvm.dll+0x21b20a]
V  [jvm.dll+0x199890]
V  [jvm.dll+0x22a534]
V  [jvm.dll+0x228b88]
V  [jvm.dll+0x74f660]
V  [combase.dll+0x748648]
V  [jvm.dll+0x638566]
C  [ucrtbase.dll+0x1e3fe]
C  [KERNEL32.DLL+0x14034]
C  [ntdll.dll+0x73691]


---------------  P R O C E S S  ---------------

Threads class SMR info:
_java_thread_list=0x000002107fc6a410, length=11, elements={
0x00000210611be000, 0x000002107eff6000, 0x000002107eff7800, 0x000002107f01a800,
0x000002107f01b800, 0x000002107f01e800, 0x000002107f01f800, 0x000002107f910800,
0x000002107f9d7000, 0x000002107f9d6800, 0x000002107fcad800
}

Java Threads: ( => current thread )
  0x00000210611be000 JavaThread "main" [_thread_in_vm, id=24220, stack(0x0000003e3d800000,0x0000003e3d900000)]
  0x000002107eff6000 JavaThread "Reference Handler" daemon [_thread_blocked, id=2328, stack(0x0000003e3e000000,0x0000003e3e100000)]
  0x000002107eff7800 JavaThread "Finalizer" daemon [_thread_blocked, id=17852, stack(0x0000003e3e100000,0x0000003e3e200000)]
  0x000002107f01a800 JavaThread "Signal Dispatcher" daemon [_thread_blocked, id=8608, stack(0x0000003e3e200000,0x0000003e3e300000)]
  0x000002107f01b800 JavaThread "Attach Listener" daemon [_thread_blocked, id=28248, stack(0x0000003e3e300000,0x0000003e3e400000)]
=>0x000002107f01e800 JavaThread "C2 CompilerThread0" daemon [_thread_in_native, id=23948, stack(0x0000003e3e400000,0x0000003e3e500000)]
  0x000002107f01f800 JavaThread "C1 CompilerThread0" daemon [_thread_blocked, id=23024, stack(0x0000003e3e500000,0x0000003e3e600000)]
  0x000002107f910800 JavaThread "Sweeper thread" daemon [_thread_blocked, id=16072, stack(0x0000003e3e600000,0x0000003e3e700000)]
  0x000002107f9d7000 JavaThread "Common-Cleaner" daemon [_thread_blocked, id=17012, stack(0x0000003e3e700000,0x0000003e3e800000)]
  0x000002107f9d6800 JavaThread "Service Thread" daemon [_thread_blocked, id=4160, stack(0x0000003e3e900000,0x0000003e3ea00000)]
  0x000002107fcad800 JavaThread "C2 CompilerThread1" daemon [_thread_in_native, id=22632, stack(0x0000003e3e800000,0x0000003e3e900000)]

Other Threads:
  0x000002107eff3000 VMThread "VM Thread" [stack: 0x0000003e3df00000,0x0000003e3e000000] [id=20840]
  0x000002107fb43000 WatcherThread [stack: 0x0000003e3ea00000,0x0000003e3eb00000] [id=16976]
  0x00000210611eb800 GCTaskThread "GC Thread#0" [stack: 0x0000003e3d900000,0x0000003e3da00000] [id=15188]
  0x00000210611f3800 ConcurrentGCThread "G1 Main Marker" [stack: 0x0000003e3da00000,0x0000003e3db00000] [id=19400]
  0x00000210611f5800 ConcurrentGCThread "G1 Conc#0" [stack: 0x0000003e3db00000,0x0000003e3dc00000] [id=28524]
  0x000002107ee66800 ConcurrentGCThread "G1 Refine#0" [stack: 0x0000003e3dc00000,0x0000003e3dd00000] [id=7388]
  0x000002107ee67000 ConcurrentGCThread "G1 Young RemSet Sampling" [stack: 0x0000003e3dd00000,0x0000003e3de00000] [id=25980]
  0x000002107ee77800 ConcurrentGCThread "StrDedup" [stack: 0x0000003e3de00000,0x0000003e3df00000] [id=15476]

Threads with active compile tasks:
C2 CompilerThread0   606   !   4       java.lang.StringCoding::decode (165 bytes)
C2 CompilerThread1   604   !   4       java.util.jar.Attributes::read (526 bytes)

VM state:not at safepoint (normal execution)

VM Mutex/Monitor currently owned by a thread: None

Heap address: 0x00000000c0000000, size: 1024 MB, Compressed Oops mode: 32-bit
Narrow klass base: 0x0000000800000000, Narrow klass shift: 3
Compressed class space size: 1073741824 Address: 0x00000008011a0000

Heap:
 garbage-first heap   total 131072K, used 11264K [0x00000000c0000000, 0x0000000100000000)
  region size 1024K, 13 young (13312K), 0 survivors (0K)
 Metaspace       used 3341K, capacity 5072K, committed 5376K, reserved 1056768K
  class space    used 303K, capacity 461K, committed 512K, reserved 1048576K
Heap Regions: E=young(eden), S=young(survivor), O=old, HS=humongous(starts), HC=humongous(continues), CS=collection set, F=free, A=archive, TAMS=top-at-mark-start (previous, next)
|   0|0x00000000c0000000, 0x00000000c0000000, 0x00000000c0100000|  0%| F|  |TAMS 0x00000000c0000000, 0x00000000c0000000| Untracked 
|   1|0x00000000c0100000, 0x00000000c0100000, 0x00000000c0200000|  0%| F|  |TAMS 0x00000000c0100000, 0x00000000c0100000| Untracked 
|   2|0x00000000c0200000, 0x00000000c0200000, 0x00000000c0300000|  0%| F|  |TAMS 0x00000000c0200000, 0x00000000c0200000| Untracked 
|   3|0x00000000c0300000, 0x00000000c0300000, 0x00000000c0400000|  0%| F|  |TAMS 0x00000000c0300000, 0x00000000c0300000| Untracked 
|   4|0x00000000c0400000, 0x00000000c0400000, 0x00000000c0500000|  0%| F|  |TAMS 0x00000000c0400000, 0x00000000c0400000| Untracked 
|   5|0x00000000c0500000, 0x00000000c0500000, 0x00000000c0600000|  0%| F|  |TAMS 0x00000000c0500000, 0x00000000c0500000| Untracked 
|   6|0x00000000c0600000, 0x00000000c0600000, 0x00000000c0700000|  0%| F|  |TAMS 0x00000000c0600000, 0x00000000c0600000| Untracked 
|   7|0x00000000c0700000, 0x00000000c0700000, 0x00000000c0800000|  0%| F|  |TAMS 0x00000000c0700000, 0x00000000c0700000| Untracked 
|   8|0x00000000c0800000, 0x00000000c0800000, 0x00000000c0900000|  0%| F|  |TAMS 0x00000000c0800000, 0x00000000c0800000| Untracked 
|   9|0x00000000c0900000, 0x00000000c0900000, 0x00000000c0a00000|  0%| F|  |TAMS 0x00000000c0900000, 0x00000000c0900000| Untracked 
|  10|0x00000000c0a00000, 0x00000000c0a00000, 0x00000000c0b00000|  0%| F|  |TAMS 0x00000000c0a00000, 0x00000000c0a00000| Untracked 
|  11|0x00000000c0b00000, 0x00000000c0b00000, 0x00000000c0c00000|  0%| F|  |TAMS 0x00000000c0b00000, 0x00000000c0b00000| Untracked 
|  12|0x00000000c0c00000, 0x00000000c0c00000, 0x00000000c0d00000|  0%| F|  |TAMS 0x00000000c0c00000, 0x00000000c0c00000| Untracked 
|  13|0x00000000c0d00000, 0x00000000c0d00000, 0x00000000c0e00000|  0%| F|  |TAMS 0x00000000c0d00000, 0x00000000c0d00000| Untracked 
|  14|0x00000000c0e00000, 0x00000000c0e00000, 0x00000000c0f00000|  0%| F|  |TAMS 0x00000000c0e00000, 0x00000000c0e00000| Untracked 
|  15|0x00000000c0f00000, 0x00000000c0f00000, 0x00000000c1000000|  0%| F|  |TAMS 0x00000000c0f00000, 0x00000000c0f00000| Untracked 
|  16|0x00000000c1000000, 0x00000000c1000000, 0x00000000c1100000|  0%| F|  |TAMS 0x00000000c1000000, 0x00000000c1000000| Untracked 
|  17|0x00000000c1100000, 0x00000000c1100000, 0x00000000c1200000|  0%| F|  |TAMS 0x00000000c1100000, 0x00000000c1100000| Untracked 
|  18|0x00000000c1200000, 0x00000000c1200000, 0x00000000c1300000|  0%| F|  |TAMS 0x00000000c1200000, 0x00000000c1200000| Untracked 
|  19|0x00000000c1300000, 0x00000000c1300000, 0x00000000c1400000|  0%| F|  |TAMS 0x00000000c1300000, 0x00000000c1300000| Untracked 
|  20|0x00000000c1400000, 0x00000000c1400000, 0x00000000c1500000|  0%| F|  |TAMS 0x00000000c1400000, 0x00000000c1400000| Untracked 
|  21|0x00000000c1500000, 0x00000000c1500000, 0x00000000c1600000|  0%| F|  |TAMS 0x00000000c1500000, 0x00000000c1500000| Untracked 
|  22|0x00000000c1600000, 0x00000000c1600000, 0x00000000c1700000|  0%| F|  |TAMS 0x00000000c1600000, 0x00000000c1600000| Untracked 
|  23|0x00000000c1700000, 0x00000000c1700000, 0x00000000c1800000|  0%| F|  |TAMS 0x00000000c1700000, 0x00000000c1700000| Untracked 
|  24|0x00000000c1800000, 0x00000000c1800000, 0x00000000c1900000|  0%| F|  |TAMS 0x00000000c1800000, 0x00000000c1800000| Untracked 
|  25|0x00000000c1900000, 0x00000000c1900000, 0x00000000c1a00000|  0%| F|  |TAMS 0x00000000c1900000, 0x00000000c1900000| Untracked 
|  26|0x00000000c1a00000, 0x00000000c1a00000, 0x00000000c1b00000|  0%| F|  |TAMS 0x00000000c1a00000, 0x00000000c1a00000| Untracked 
|  27|0x00000000c1b00000, 0x00000000c1b00000, 0x00000000c1c00000|  0%| F|  |TAMS 0x00000000c1b00000, 0x00000000c1b00000| Untracked 
|  28|0x00000000c1c00000, 0x00000000c1c00000, 0x00000000c1d00000|  0%| F|  |TAMS 0x00000000c1c00000, 0x00000000c1c00000| Untracked 
|  29|0x00000000c1d00000, 0x00000000c1d00000, 0x00000000c1e00000|  0%| F|  |TAMS 0x00000000c1d00000, 0x00000000c1d00000| Untracked 
|  30|0x00000000c1e00000, 0x00000000c1e00000, 0x00000000c1f00000|  0%| F|  |TAMS 0x00000000c1e00000, 0x00000000c1e00000| Untracked 
|  31|0x00000000c1f00000, 0x00000000c1f00000, 0x00000000c2000000|  0%| F|  |TAMS 0x00000000c1f00000, 0x00000000c1f00000| Untracked 
|  32|0x00000000c2000000, 0x00000000c2000000, 0x00000000c2100000|  0%| F|  |TAMS 0x00000000c2000000, 0x00000000c2000000| Untracked 
|  33|0x00000000c2100000, 0x00000000c2100000, 0x00000000c2200000|  0%| F|  |TAMS 0x00000000c2100000, 0x00000000c2100000| Untracked 
|  34|0x00000000c2200000, 0x00000000c2200000, 0x00000000c2300000|  0%| F|  |TAMS 0x00000000c2200000, 0x00000000c2200000| Untracked 
|  35|0x00000000c2300000, 0x00000000c2300000, 0x00000000c2400000|  0%| F|  |TAMS 0x00000000c2300000, 0x00000000c2300000| Untracked 
|  36|0x00000000c2400000, 0x00000000c2400000, 0x00000000c2500000|  0%| F|  |TAMS 0x00000000c2400000, 0x00000000c2400000| Untracked 
|  37|0x00000000c2500000, 0x00000000c2500000, 0x00000000c2600000|  0%| F|  |TAMS 0x00000000c2500000, 0x00000000c2500000| Untracked 
|  38|0x00000000c2600000, 0x00000000c2600000, 0x00000000c2700000|  0%| F|  |TAMS 0x00000000c2600000, 0x00000000c2600000| Untracked 
|  39|0x00000000c2700000, 0x00000000c2700000, 0x00000000c2800000|  0%| F|  |TAMS 0x00000000c2700000, 0x00000000c2700000| Untracked 
|  40|0x00000000c2800000, 0x00000000c2800000, 0x00000000c2900000|  0%| F|  |TAMS 0x00000000c2800000, 0x00000000c2800000| Untracked 
|  41|0x00000000c2900000, 0x00000000c2900000, 0x00000000c2a00000|  0%| F|  |TAMS 0x00000000c2900000, 0x00000000c2900000| Untracked 
|  42|0x00000000c2a00000, 0x00000000c2a00000, 0x00000000c2b00000|  0%| F|  |TAMS 0x00000000c2a00000, 0x00000000c2a00000| Untracked 
|  43|0x00000000c2b00000, 0x00000000c2b00000, 0x00000000c2c00000|  0%| F|  |TAMS 0x00000000c2b00000, 0x00000000c2b00000| Untracked 
|  44|0x00000000c2c00000, 0x00000000c2c00000, 0x00000000c2d00000|  0%| F|  |TAMS 0x00000000c2c00000, 0x00000000c2c00000| Untracked 
|  45|0x00000000c2d00000, 0x00000000c2d00000, 0x00000000c2e00000|  0%| F|  |TAMS 0x00000000c2d00000, 0x00000000c2d00000| Untracked 
|  46|0x00000000c2e00000, 0x00000000c2e00000, 0x00000000c2f00000|  0%| F|  |TAMS 0x00000000c2e00000, 0x00000000c2e00000| Untracked 
|  47|0x00000000c2f00000, 0x00000000c2f00000, 0x00000000c3000000|  0%| F|  |TAMS 0x00000000c2f00000, 0x00000000c2f00000| Untracked 
|  48|0x00000000c3000000, 0x00000000c3000000, 0x00000000c3100000|  0%| F|  |TAMS 0x00000000c3000000, 0x00000000c3000000| Untracked 
|  49|0x00000000c3100000, 0x00000000c3100000, 0x00000000c3200000|  0%| F|  |TAMS 0x00000000c3100000, 0x00000000c3100000| Untracked 
|  50|0x00000000c3200000, 0x00000000c3200000, 0x00000000c3300000|  0%| F|  |TAMS 0x00000000c3200000, 0x00000000c3200000| Untracked 
|  51|0x00000000c3300000, 0x00000000c3300000, 0x00000000c3400000|  0%| F|  |TAMS 0x00000000c3300000, 0x00000000c3300000| Untracked 
|  52|0x00000000c3400000, 0x00000000c3400000, 0x00000000c3500000|  0%| F|  |TAMS 0x00000000c3400000, 0x00000000c3400000| Untracked 
|  53|0x00000000c3500000, 0x00000000c3500000, 0x00000000c3600000|  0%| F|  |TAMS 0x00000000c3500000, 0x00000000c3500000| Untracked 
|  54|0x00000000c3600000, 0x00000000c3600000, 0x00000000c3700000|  0%| F|  |TAMS 0x00000000c3600000, 0x00000000c3600000| Untracked 
|  55|0x00000000c3700000, 0x00000000c3700000, 0x00000000c3800000|  0%| F|  |TAMS 0x00000000c3700000, 0x00000000c3700000| Untracked 
|  56|0x00000000c3800000, 0x00000000c3800000, 0x00000000c3900000|  0%| F|  |TAMS 0x00000000c3800000, 0x00000000c3800000| Untracked 
|  57|0x00000000c3900000, 0x00000000c3900000, 0x00000000c3a00000|  0%| F|  |TAMS 0x00000000c3900000, 0x00000000c3900000| Untracked 
|  58|0x00000000c3a00000, 0x00000000c3a00000, 0x00000000c3b00000|  0%| F|  |TAMS 0x00000000c3a00000, 0x00000000c3a00000| Untracked 
|  59|0x00000000c3b00000, 0x00000000c3b00000, 0x00000000c3c00000|  0%| F|  |TAMS 0x00000000c3b00000, 0x00000000c3b00000| Untracked 
|  60|0x00000000c3c00000, 0x00000000c3c00000, 0x00000000c3d00000|  0%| F|  |TAMS 0x00000000c3c00000, 0x00000000c3c00000| Untracked 
|  61|0x00000000c3d00000, 0x00000000c3d00000, 0x00000000c3e00000|  0%| F|  |TAMS 0x00000000c3d00000, 0x00000000c3d00000| Untracked 
|  62|0x00000000c3e00000, 0x00000000c3e00000, 0x00000000c3f00000|  0%| F|  |TAMS 0x00000000c3e00000, 0x00000000c3e00000| Untracked 
|  63|0x00000000c3f00000, 0x00000000c3f00000, 0x00000000c4000000|  0%| F|  |TAMS 0x00000000c3f00000, 0x00000000c3f00000| Untracked 
|  64|0x00000000c4000000, 0x00000000c4000000, 0x00000000c4100000|  0%| F|  |TAMS 0x00000000c4000000, 0x00000000c4000000| Untracked 
|  65|0x00000000c4100000, 0x00000000c4100000, 0x00000000c4200000|  0%| F|  |TAMS 0x00000000c4100000, 0x00000000c4100000| Untracked 
|  66|0x00000000c4200000, 0x00000000c4200000, 0x00000000c4300000|  0%| F|  |TAMS 0x00000000c4200000, 0x00000000c4200000| Untracked 
|  67|0x00000000c4300000, 0x00000000c4300000, 0x00000000c4400000|  0%| F|  |TAMS 0x00000000c4300000, 0x00000000c4300000| Untracked 
|  68|0x00000000c4400000, 0x00000000c4400000, 0x00000000c4500000|  0%| F|  |TAMS 0x00000000c4400000, 0x00000000c4400000| Untracked 
|  69|0x00000000c4500000, 0x00000000c4500000, 0x00000000c4600000|  0%| F|  |TAMS 0x00000000c4500000, 0x00000000c4500000| Untracked 
|  70|0x00000000c4600000, 0x00000000c4600000, 0x00000000c4700000|  0%| F|  |TAMS 0x00000000c4600000, 0x00000000c4600000| Untracked 
|  71|0x00000000c4700000, 0x00000000c4700000, 0x00000000c4800000|  0%| F|  |TAMS 0x00000000c4700000, 0x00000000c4700000| Untracked 
|  72|0x00000000c4800000, 0x00000000c4800000, 0x00000000c4900000|  0%| F|  |TAMS 0x00000000c4800000, 0x00000000c4800000| Untracked 
|  73|0x00000000c4900000, 0x00000000c4900000, 0x00000000c4a00000|  0%| F|  |TAMS 0x00000000c4900000, 0x00000000c4900000| Untracked 
|  74|0x00000000c4a00000, 0x00000000c4a00000, 0x00000000c4b00000|  0%| F|  |TAMS 0x00000000c4a00000, 0x00000000c4a00000| Untracked 
|  75|0x00000000c4b00000, 0x00000000c4b00000, 0x00000000c4c00000|  0%| F|  |TAMS 0x00000000c4b00000, 0x00000000c4b00000| Untracked 
|  76|0x00000000c4c00000, 0x00000000c4c00000, 0x00000000c4d00000|  0%| F|  |TAMS 0x00000000c4c00000, 0x00000000c4c00000| Untracked 
|  77|0x00000000c4d00000, 0x00000000c4d00000, 0x00000000c4e00000|  0%| F|  |TAMS 0x00000000c4d00000, 0x00000000c4d00000| Untracked 
|  78|0x00000000c4e00000, 0x00000000c4e00000, 0x00000000c4f00000|  0%| F|  |TAMS 0x00000000c4e00000, 0x00000000c4e00000| Untracked 
|  79|0x00000000c4f00000, 0x00000000c4f00000, 0x00000000c5000000|  0%| F|  |TAMS 0x00000000c4f00000, 0x00000000c4f00000| Untracked 
|  80|0x00000000c5000000, 0x00000000c5000000, 0x00000000c5100000|  0%| F|  |TAMS 0x00000000c5000000, 0x00000000c5000000| Untracked 
|  81|0x00000000c5100000, 0x00000000c5100000, 0x00000000c5200000|  0%| F|  |TAMS 0x00000000c5100000, 0x00000000c5100000| Untracked 
|  82|0x00000000c5200000, 0x00000000c5200000, 0x00000000c5300000|  0%| F|  |TAMS 0x00000000c5200000, 0x00000000c5200000| Untracked 
|  83|0x00000000c5300000, 0x00000000c5300000, 0x00000000c5400000|  0%| F|  |TAMS 0x00000000c5300000, 0x00000000c5300000| Untracked 
|  84|0x00000000c5400000, 0x00000000c5400000, 0x00000000c5500000|  0%| F|  |TAMS 0x00000000c5400000, 0x00000000c5400000| Untracked 
|  85|0x00000000c5500000, 0x00000000c5500000, 0x00000000c5600000|  0%| F|  |TAMS 0x00000000c5500000, 0x00000000c5500000| Untracked 
|  86|0x00000000c5600000, 0x00000000c5600000, 0x00000000c5700000|  0%| F|  |TAMS 0x00000000c5600000, 0x00000000c5600000| Untracked 
|  87|0x00000000c5700000, 0x00000000c5700000, 0x00000000c5800000|  0%| F|  |TAMS 0x00000000c5700000, 0x00000000c5700000| Untracked 
|  88|0x00000000c5800000, 0x00000000c5800000, 0x00000000c5900000|  0%| F|  |TAMS 0x00000000c5800000, 0x00000000c5800000| Untracked 
|  89|0x00000000c5900000, 0x00000000c5900000, 0x00000000c5a00000|  0%| F|  |TAMS 0x00000000c5900000, 0x00000000c5900000| Untracked 
|  90|0x00000000c5a00000, 0x00000000c5a00000, 0x00000000c5b00000|  0%| F|  |TAMS 0x00000000c5a00000, 0x00000000c5a00000| Untracked 
|  91|0x00000000c5b00000, 0x00000000c5b00000, 0x00000000c5c00000|  0%| F|  |TAMS 0x00000000c5b00000, 0x00000000c5b00000| Untracked 
|  92|0x00000000c5c00000, 0x00000000c5c00000, 0x00000000c5d00000|  0%| F|  |TAMS 0x00000000c5c00000, 0x00000000c5c00000| Untracked 
|  93|0x00000000c5d00000, 0x00000000c5d00000, 0x00000000c5e00000|  0%| F|  |TAMS 0x00000000c5d00000, 0x00000000c5d00000| Untracked 
|  94|0x00000000c5e00000, 0x00000000c5e00000, 0x00000000c5f00000|  0%| F|  |TAMS 0x00000000c5e00000, 0x00000000c5e00000| Untracked 
|  95|0x00000000c5f00000, 0x00000000c5f00000, 0x00000000c6000000|  0%| F|  |TAMS 0x00000000c5f00000, 0x00000000c5f00000| Untracked 
|  96|0x00000000c6000000, 0x00000000c6000000, 0x00000000c6100000|  0%| F|  |TAMS 0x00000000c6000000, 0x00000000c6000000| Untracked 
|  97|0x00000000c6100000, 0x00000000c6100000, 0x00000000c6200000|  0%| F|  |TAMS 0x00000000c6100000, 0x00000000c6100000| Untracked 
|  98|0x00000000c6200000, 0x00000000c6200000, 0x00000000c6300000|  0%| F|  |TAMS 0x00000000c6200000, 0x00000000c6200000| Untracked 
|  99|0x00000000c6300000, 0x00000000c6300000, 0x00000000c6400000|  0%| F|  |TAMS 0x00000000c6300000, 0x00000000c6300000| Untracked 
| 100|0x00000000c6400000, 0x00000000c6400000, 0x00000000c6500000|  0%| F|  |TAMS 0x00000000c6400000, 0x00000000c6400000| Untracked 
| 101|0x00000000c6500000, 0x00000000c6500000, 0x00000000c6600000|  0%| F|  |TAMS 0x00000000c6500000, 0x00000000c6500000| Untracked 
| 102|0x00000000c6600000, 0x00000000c6600000, 0x00000000c6700000|  0%| F|  |TAMS 0x00000000c6600000, 0x00000000c6600000| Untracked 
| 103|0x00000000c6700000, 0x00000000c6700000, 0x00000000c6800000|  0%| F|  |TAMS 0x00000000c6700000, 0x00000000c6700000| Untracked 
| 104|0x00000000c6800000, 0x00000000c6800000, 0x00000000c6900000|  0%| F|  |TAMS 0x00000000c6800000, 0x00000000c6800000| Untracked 
| 105|0x00000000c6900000, 0x00000000c6900000, 0x00000000c6a00000|  0%| F|  |TAMS 0x00000000c6900000, 0x00000000c6900000| Untracked 
| 106|0x00000000c6a00000, 0x00000000c6a00000, 0x00000000c6b00000|  0%| F|  |TAMS 0x00000000c6a00000, 0x00000000c6a00000| Untracked 
| 107|0x00000000c6b00000, 0x00000000c6b00000, 0x00000000c6c00000|  0%| F|  |TAMS 0x00000000c6b00000, 0x00000000c6b00000| Untracked 
| 108|0x00000000c6c00000, 0x00000000c6c00000, 0x00000000c6d00000|  0%| F|  |TAMS 0x00000000c6c00000, 0x00000000c6c00000| Untracked 
| 109|0x00000000c6d00000, 0x00000000c6d00000, 0x00000000c6e00000|  0%| F|  |TAMS 0x00000000c6d00000, 0x00000000c6d00000| Untracked 
| 110|0x00000000c6e00000, 0x00000000c6e00000, 0x00000000c6f00000|  0%| F|  |TAMS 0x00000000c6e00000, 0x00000000c6e00000| Untracked 
| 111|0x00000000c6f00000, 0x00000000c6f00000, 0x00000000c7000000|  0%| F|  |TAMS 0x00000000c6f00000, 0x00000000c6f00000| Untracked 
| 112|0x00000000c7000000, 0x00000000c7000000, 0x00000000c7100000|  0%| F|  |TAMS 0x00000000c7000000, 0x00000000c7000000| Untracked 
| 113|0x00000000c7100000, 0x00000000c7100000, 0x00000000c7200000|  0%| F|  |TAMS 0x00000000c7100000, 0x00000000c7100000| Untracked 
| 114|0x00000000c7200000, 0x00000000c7200000, 0x00000000c7300000|  0%| F|  |TAMS 0x00000000c7200000, 0x00000000c7200000| Untracked 
| 115|0x00000000c7300000, 0x00000000c739ef00, 0x00000000c7400000| 62%| E|  |TAMS 0x00000000c7300000, 0x00000000c7300000| Complete 
| 116|0x00000000c7400000, 0x00000000c7500000, 0x00000000c7500000|100%| E|CS|TAMS 0x00000000c7400000, 0x00000000c7400000| Complete 
| 117|0x00000000c7500000, 0x00000000c7600000, 0x00000000c7600000|100%| E|CS|TAMS 0x00000000c7500000, 0x00000000c7500000| Complete 
| 118|0x00000000c7600000, 0x00000000c76fff78, 0x00000000c7700000| 99%| E|  |TAMS 0x00000000c7600000, 0x00000000c7600000| Complete 
| 119|0x00000000c7700000, 0x00000000c7800000, 0x00000000c7800000|100%| E|CS|TAMS 0x00000000c7700000, 0x00000000c7700000| Complete 
| 120|0x00000000c7800000, 0x00000000c7900000, 0x00000000c7900000|100%| E|CS|TAMS 0x00000000c7800000, 0x00000000c7800000| Complete 
| 121|0x00000000c7900000, 0x00000000c7a00000, 0x00000000c7a00000|100%| E|CS|TAMS 0x00000000c7900000, 0x00000000c7900000| Complete 
| 122|0x00000000c7a00000, 0x00000000c7b00000, 0x00000000c7b00000|100%| E|CS|TAMS 0x00000000c7a00000, 0x00000000c7a00000| Complete 
| 123|0x00000000c7b00000, 0x00000000c7c00000, 0x00000000c7c00000|100%| E|CS|TAMS 0x00000000c7b00000, 0x00000000c7b00000| Complete 
| 124|0x00000000c7c00000, 0x00000000c7d00000, 0x00000000c7d00000|100%| E|CS|TAMS 0x00000000c7c00000, 0x00000000c7c00000| Complete 
| 125|0x00000000c7d00000, 0x00000000c7e00000, 0x00000000c7e00000|100%| E|CS|TAMS 0x00000000c7d00000, 0x00000000c7d00000| Complete 
| 126|0x00000000c7e00000, 0x00000000c7f00000, 0x00000000c7f00000|100%| E|CS|TAMS 0x00000000c7e00000, 0x00000000c7e00000| Complete 
| 127|0x00000000c7f00000, 0x00000000c8000000, 0x00000000c8000000|100%| E|CS|TAMS 0x00000000c7f00000, 0x00000000c7f00000| Complete 

Card table byte_map: [0x000002107a600000,0x000002107a800000] _byte_map_base: 0x000002107a000000

Marking Bits (Prev, Next): (CMBitMap*) 0x00000210611ec7d8, (CMBitMap*) 0x00000210611ec818
 Prev Bits: [0x000002107aa00000, 0x000002107ba00000)
 Next Bits: [0x000002107ba00000, 0x000002107ca00000)

Polling page: 0x0000021061290000

Metaspace:

Usage:
  Non-class:      4.57 MB capacity,     2.99 MB ( 66%) used,     1.57 MB ( 34%) free+waste,     4.19 KB ( <1%) overhead. 
      Class:    494.00 KB capacity,   326.61 KB ( 66%) used,   164.70 KB ( 33%) free+waste,     2.69 KB ( <1%) overhead. 
       Both:      5.05 MB capacity,     3.31 MB ( 66%) used,     1.73 MB ( 34%) free+waste,     6.88 KB ( <1%) overhead. 

Virtual space:
  Non-class space:        8.00 MB reserved,       4.75 MB ( 59%) committed 
      Class space:        1.00 GB reserved,     512.00 KB ( <1%) committed 
             Both:        1.01 GB reserved,       5.25 MB ( <1%) committed 

Chunk freelists:
   Non-Class:  7.38 KB
       Class:  2.25 KB
        Both:  9.63 KB

CodeHeap 'non-profiled nmethods': size=120064Kb used=218Kb max_used=218Kb free=119845Kb
 bounds [0x0000021072890000, 0x0000021072b00000, 0x0000021079dd0000]
CodeHeap 'profiled nmethods': size=120000Kb used=1131Kb max_used=1131Kb free=118869Kb
 bounds [0x000002106b360000, 0x000002106b5d0000, 0x0000021072890000]
CodeHeap 'non-nmethods': size=5696Kb used=1091Kb max_used=1105Kb free=4604Kb
 bounds [0x000002106add0000, 0x000002106b040000, 0x000002106b360000]
 total_blobs=1249 nmethods=693 adapters=295
 compilation: enabled
              stopped_count=0, restarted_count=0
 full_count=0

Compilation events (10 events):
Event: 1.757 Thread 0x000002107f01e800  606   !   4       java.lang.StringCoding::decode (165 bytes)
Event: 1.758 Thread 0x000002107f01f800  618       3       java.util.jar.Attributes::clone (9 bytes)
Event: 1.758 Thread 0x000002107f01f800 nmethod 618 0x000002106b45cc90 code [0x000002106b45cea0, 0x000002106b45d410]
Event: 1.762 Thread 0x000002107f01f800  620       3       java.lang.String::endsWith (15 bytes)
Event: 1.762 Thread 0x000002107f01f800 nmethod 620 0x000002106b45d610 code [0x000002106b45d800, 0x000002106b45dbb0]
Event: 1.766 Thread 0x000002107f01f800  622       3       java.lang.String::<init> (10 bytes)
Event: 1.766 Thread 0x000002107f01f800 nmethod 622 0x000002106b45dd90 code [0x000002106b45df60, 0x000002106b45e130]
Event: 1.766 Thread 0x000002107f01f800  623       3       sun.security.util.ManifestDigester$$Lambda$21/0x0000000801205440::apply (8 bytes)
Event: 1.766 Thread 0x000002107f01f800 nmethod 623 0x000002106b45e210 code [0x000002106b45e420, 0x000002106b45ead8]
Event: 1.766 Thread 0x000002107f01f800  624       3       sun.security.util.ManifestDigester::lambda$new$0 (8 bytes)

GC Heap History (0 events):
No events

Deoptimization events (5 events):
Event: 1.241 Thread 0x00000210611be000 Uncommon trap: reason=class_check action=maybe_recompile pc=0x000002107289e45c method=java.util.HashMap.putVal(ILjava/lang/Object;Ljava/lang/Object;ZZ)Ljava/lang/Object; @ 253 c2
Event: 1.241 Thread 0x00000210611be000 Uncommon trap: reason=class_check action=maybe_recompile pc=0x000002107289e45c method=java.util.HashMap.putVal(ILjava/lang/Object;Ljava/lang/Object;ZZ)Ljava/lang/Object; @ 253 c2
Event: 1.241 Thread 0x00000210611be000 Uncommon trap: reason=class_check action=maybe_recompile pc=0x000002107289e45c method=java.util.HashMap.putVal(ILjava/lang/Object;Ljava/lang/Object;ZZ)Ljava/lang/Object; @ 253 c2
Event: 1.241 Thread 0x00000210611be000 Uncommon trap: reason=class_check action=maybe_recompile pc=0x000002107289e45c method=java.util.HashMap.putVal(ILjava/lang/Object;Ljava/lang/Object;ZZ)Ljava/lang/Object; @ 253 c2
Event: 1.696 Thread 0x00000210611be000 Uncommon trap: reason=unstable_if action=reinterpret pc=0x00000210728b05dc method=java.util.HashMap.putVal(ILjava/lang/Object;Ljava/lang/Object;ZZ)Ljava/lang/Object; @ 81 c2

Classes redefined (0 events):
No events

Internal exceptions (8 events):
Event: 0.812 Thread 0x00000210611be000 Exception <a 'java/lang/ClassNotFoundException'{0x00000000c7c8c878}: sun/net/www/protocol/c/Handler> (0x00000000c7c8c878) thrown at [t:/workspace/open/src/hotspot/share/classfile/systemDictionary.cpp, line 235]
Event: 0.831 Thread 0x00000210611be000 Exception <a 'java/io/FileNotFoundException'{0x00000000c7ca3598}> (0x00000000c7ca3598) thrown at [t:/workspace/open/src/hotspot/share/prims/jni.cpp, line 615]
Event: 0.831 Thread 0x00000210611be000 Exception <a 'java/io/FileNotFoundException'{0x00000000c7ca4600}> (0x00000000c7ca4600) thrown at [t:/workspace/open/src/hotspot/share/prims/jni.cpp, line 615]
Event: 0.831 Thread 0x00000210611be000 Exception <a 'java/io/FileNotFoundException'{0x00000000c7ca5510}> (0x00000000c7ca5510) thrown at [t:/workspace/open/src/hotspot/share/prims/jni.cpp, line 615]
Event: 0.832 Thread 0x00000210611be000 Exception <a 'java/io/FileNotFoundException'{0x00000000c7ca6400}> (0x00000000c7ca6400) thrown at [t:/workspace/open/src/hotspot/share/prims/jni.cpp, line 615]
Event: 0.842 Thread 0x00000210611be000 Exception <a 'java/io/FileNotFoundException'{0x00000000c7cc3058}> (0x00000000c7cc3058) thrown at [t:/workspace/open/src/hotspot/share/prims/jni.cpp, line 615]
Event: 1.247 Thread 0x00000210611be000 Exception <a 'java/lang/NoSuchMethodError'{0x00000000c7cf2660}: java.lang.invoke.DirectMethodHandle$Holder.invokeStaticInit(Ljava/lang/Object;IIII)Ljava/lang/Object;> (0x00000000c7cf2660) thrown at [t:/workspace/open/src/hotspot/share/interpreter/linkReso
Event: 1.650 Thread 0x00000210611be000 Exception <a 'java/lang/NoSuchMethodError'{0x00000000c7a08a00}: java.lang.invoke.DirectMethodHandle$Holder.invokeStaticInit(Ljava/lang/Object;Ljava/lang/Object;IIII)Ljava/lang/Object;> (0x00000000c7a08a00) thrown at [t:/workspace/open/src/hotspot/share/in

Events (10 events):
Event: 1.749 loading class sun/net/www/protocol/jar/URLJarFile$URLJarFileEntry done
Event: 1.749 loading class sun/net/www/protocol/jar/JarURLConnection$JarURLInputStream
Event: 1.749 loading class sun/net/www/protocol/jar/JarURLConnection$JarURLInputStream done
Event: 1.766 Thread 0x00000210611be000 DEOPT PACKING pc=0x000002106b4302b2 sp=0x0000003e3d8fd840
Event: 1.766 Thread 0x00000210611be000 DEOPT UNPACKING pc=0x000002106adf99ce sp=0x0000003e3d8fccb8 mode 0
Event: 1.766 Thread 0x00000210611be000 DEOPT PACKING pc=0x000002106b4302b2 sp=0x0000003e3d8fd840
Event: 1.766 Thread 0x00000210611be000 DEOPT UNPACKING pc=0x000002106adf99ce sp=0x0000003e3d8fccb8 mode 0
Event: 1.766 Thread 0x00000210611be000 DEOPT PACKING pc=0x000002106b4302b2 sp=0x0000003e3d8fd840
Event: 1.766 Thread 0x00000210611be000 DEOPT UNPACKING pc=0x000002106adf99ce sp=0x0000003e3d8fccb8 mode 0
Event: 1.766 Thread 0x00000210611be000 DEOPT PACKING pc=0x000002106b4302b2 sp=0x0000003e3d8fd840


Dynamic libraries:
0x00007ff6a4710000 - 0x00007ff6a471f000 	D:\java\bin\java.exe
0x00007ffdec9a0000 - 0x00007ffdecb81000 	C:\WINDOWS\SYSTEM32\ntdll.dll
0x00007ffdead20000 - 0x00007ffdeadd1000 	C:\WINDOWS\System32\KERNEL32.DLL
0x00007ffde9bb0000 - 0x00007ffde9e23000 	C:\WINDOWS\System32\KERNELBASE.dll
0x00007ffde9940000 - 0x00007ffde9a38000 	C:\WINDOWS\System32\ucrtbase.dll
0x00007ffdd9c70000 - 0x00007ffdd9c88000 	D:\java\bin\jli.dll
0x00007ffdd9f50000 - 0x00007ffdd9f66000 	D:\java\bin\VCRUNTIME140.dll
0x00007ffdea570000 - 0x00007ffdea611000 	C:\WINDOWS\System32\ADVAPI32.dll
0x00007ffdea620000 - 0x00007ffdea6be000 	C:\WINDOWS\System32\msvcrt.dll
0x00007ffdeade0000 - 0x00007ffdeae3b000 	C:\WINDOWS\System32\sechost.dll
0x00007ffdea440000 - 0x00007ffdea564000 	C:\WINDOWS\System32\RPCRT4.dll
0x00007ffdea9a0000 - 0x00007ffdeab30000 	C:\WINDOWS\System32\USER32.dll
0x00007ffde9b90000 - 0x00007ffde9bb0000 	C:\WINDOWS\System32\win32u.dll
0x00007ffdd55a0000 - 0x00007ffdd5809000 	C:\WINDOWS\WinSxS\amd64_microsoft.windows.common-controls_6595b64144ccf1df_6.0.17134.765_none_fb42a1a930655896\COMCTL32.dll
0x00007ffdea6c0000 - 0x00007ffdea6e8000 	C:\WINDOWS\System32\GDI32.dll
0x00007ffdec640000 - 0x00007ffdec962000 	C:\WINDOWS\System32\combase.dll
0x00007ffde8fe0000 - 0x00007ffde9172000 	C:\WINDOWS\System32\gdi32full.dll
0x00007ffde8f60000 - 0x00007ffde8fda000 	C:\WINDOWS\System32\bcryptPrimitives.dll
0x00007ffde9af0000 - 0x00007ffde9b8f000 	C:\WINDOWS\System32\msvcp_win.dll
0x00007ffddee80000 - 0x00007ffddee8a000 	C:\WINDOWS\SYSTEM32\VERSION.dll
0x00007ffdeafa0000 - 0x00007ffdeafcd000 	C:\WINDOWS\System32\IMM32.DLL
0x00007ffdb7c80000 - 0x00007ffdb7d2a000 	D:\java\bin\msvcp140.dll
0x00007ffda8700000 - 0x00007ffda9274000 	D:\java\bin\server\jvm.dll
0x00007ffdeab60000 - 0x00007ffdeab68000 	C:\WINDOWS\System32\PSAPI.DLL
0x00007ffde46d0000 - 0x00007ffde46d9000 	C:\WINDOWS\SYSTEM32\WSOCK32.dll
0x00007ffde6e30000 - 0x00007ffde6e53000 	C:\WINDOWS\SYSTEM32\WINMM.dll
0x00007ffdeae40000 - 0x00007ffdeaeac000 	C:\WINDOWS\System32\WS2_32.dll
0x00007ffde6e00000 - 0x00007ffde6e2a000 	C:\WINDOWS\SYSTEM32\winmmbase.dll
0x00007ffde9aa0000 - 0x00007ffde9ae9000 	C:\WINDOWS\System32\cfgmgr32.dll
0x00007ffde8d50000 - 0x00007ffde8d61000 	C:\WINDOWS\System32\kernel.appcore.dll
0x00007ffdd99c0000 - 0x00007ffdd99d1000 	D:\java\bin\verify.dll
0x00007ffdd7290000 - 0x00007ffdd7459000 	C:\WINDOWS\SYSTEM32\DBGHELP.DLL
0x00007ffdd7240000 - 0x00007ffdd7269000 	C:\WINDOWS\SYSTEM32\dbgcore.DLL
0x00007ffdd95f0000 - 0x00007ffdd9616000 	D:\java\bin\java.dll
0x00007ffdd95d0000 - 0x00007ffdd95e7000 	D:\java\bin\zip.dll
0x00007ffde2630000 - 0x00007ffde263a000 	D:\java\bin\jimage.dll
0x00007ffdeb180000 - 0x00007ffdec5c0000 	C:\WINDOWS\System32\SHELL32.dll
0x00007ffdeb0d0000 - 0x00007ffdeb179000 	C:\WINDOWS\System32\shcore.dll
0x00007ffde9180000 - 0x00007ffde988d000 	C:\WINDOWS\System32\windows.storage.dll
0x00007ffde9f90000 - 0x00007ffde9fe1000 	C:\WINDOWS\System32\shlwapi.dll
0x00007ffde8d00000 - 0x00007ffde8d1f000 	C:\WINDOWS\System32\profapi.dll
0x00007ffde8cb0000 - 0x00007ffde8cfc000 	C:\WINDOWS\System32\powrprof.dll
0x00007ffde8d20000 - 0x00007ffde8d2a000 	C:\WINDOWS\System32\FLTLIB.DLL
0x00007ffdd94a0000 - 0x00007ffdd94b9000 	D:\java\bin\net.dll
0x00007ffdde840000 - 0x00007ffdde91d000 	C:\WINDOWS\SYSTEM32\WINHTTP.dll
0x00007ffdde280000 - 0x00007ffdde448000 	C:\WINDOWS\SYSTEM32\urlmon.dll
0x00007ffddd9d0000 - 0x00007ffdddc77000 	C:\WINDOWS\SYSTEM32\iertutil.dll
0x00007ffde8700000 - 0x00007ffde870b000 	C:\WINDOWS\SYSTEM32\CRYPTBASE.DLL
0x00007ffde8530000 - 0x00007ffde8596000 	C:\WINDOWS\system32\mswsock.dll
0x00007ffdd9150000 - 0x00007ffdd9163000 	D:\java\bin\nio.dll
0x00007ffde86e0000 - 0x00007ffde86f7000 	C:\WINDOWS\SYSTEM32\CRYPTSP.dll
0x00007ffde8110000 - 0x00007ffde8143000 	C:\WINDOWS\system32\rsaenh.dll
0x00007ffde8810000 - 0x00007ffde8835000 	C:\WINDOWS\SYSTEM32\bcrypt.dll
0x00007ffde8be0000 - 0x00007ffde8c08000 	C:\WINDOWS\SYSTEM32\USERENV.dll
0x00007ffde82b0000 - 0x00007ffde82e8000 	C:\WINDOWS\SYSTEM32\IPHLPAPI.DLL
0x00007ffdead10000 - 0x00007ffdead18000 	C:\WINDOWS\System32\NSI.dll
0x00007ffddf3c0000 - 0x00007ffddf3d6000 	C:\WINDOWS\SYSTEM32\dhcpcsvc6.DLL
0x00007ffddf890000 - 0x00007ffddf8aa000 	C:\WINDOWS\SYSTEM32\dhcpcsvc.DLL

dbghelp: loaded successfully - version: 4.0.5 - missing functions: none
symbol engine: initialized successfully - sym options: 0x614 - pdb path: .;D:\java\bin;C:\WINDOWS\SYSTEM32;C:\WINDOWS\WinSxS\amd64_microsoft.windows.common-controls_6595b64144ccf1df_6.0.17134.765_none_fb42a1a930655896;D:\java\bin\server

VM Arguments:
jvm_args: --add-modules=ALL-SYSTEM --add-opens=java.base/java.util=ALL-UNNAMED --add-opens=java.base/java.lang=ALL-UNNAMED -Declipse.application=org.eclipse.jdt.ls.core.id1 -Dosgi.bundles.defaultStartLevel=4 -Declipse.product=org.eclipse.jdt.ls.core.product -Dfile.encoding=utf8 -DwatchParentProcess=false -Xverify:none -Xmx1G -XX:+UseG1GC -XX:+UseStringDeduplication 
java_command: C:\Users\Chennuo\.vscode\extensions\redhat.java-0.46.0\server\plugins\org.eclipse.equinox.launcher_1.5.400.v20190515-0925.jar -configuration C:\Users\Chennuo\.vscode\extensions\redhat.java-0.46.0\server\config_win -data c:\Users\Chennuo\AppData\Roaming\Code\User\workspaceStorage\00b880fa279b4631ab0bb3e30aca4a82\redhat.java\jdt_ws
java_class_path (initial): C:\Users\Chennuo\.vscode\extensions\redhat.java-0.46.0\server\plugins\org.eclipse.equinox.launcher_1.5.400.v20190515-0925.jar
Launcher Type: SUN_STANDARD

[Global flags]
     bool BytecodeVerificationLocal                = false                                     {product} {command line}
     bool BytecodeVerificationRemote               = false                                     {product} {command line}
     intx CICompilerCount                          = 3                                         {product} {ergonomic}
     uint ConcGCThreads                            = 1                                         {product} {ergonomic}
     uint G1ConcRefinementThreads                  = 4                                         {product} {ergonomic}
   size_t G1HeapRegionSize                         = 1048576                                   {product} {ergonomic}
    uintx GCDrainStackTargetSize                   = 64                                        {product} {ergonomic}
   size_t InitialHeapSize                          = 134217728                                 {product} {ergonomic}
   size_t MarkStackSize                            = 4194304                                   {product} {ergonomic}
   size_t MaxHeapSize                              = 1073741824                                {product} {command line}
   size_t MaxNewSize                               = 643825664                                 {product} {ergonomic}
   size_t MinHeapDeltaBytes                        = 1048576                                   {product} {ergonomic}
    uintx NonNMethodCodeHeapSize                   = 5830732                                {pd product} {ergonomic}
    uintx NonProfiledCodeHeapSize                  = 122913754                              {pd product} {ergonomic}
    uintx ProfiledCodeHeapSize                     = 122913754                              {pd product} {ergonomic}
    uintx ReservedCodeCacheSize                    = 251658240                              {pd product} {ergonomic}
     bool SegmentedCodeCache                       = true                                      {product} {ergonomic}
     bool UseCompressedClassPointers               = true                                 {lp64_product} {ergonomic}
     bool UseCompressedOops                        = true                                 {lp64_product} {ergonomic}
     bool UseG1GC                                  = true                                      {product} {command line}
     bool UseLargePagesIndividualAllocation        = false                                  {pd product} {ergonomic}
     bool UseStringDeduplication                   = true                                      {product} {command line}

Logging:
Log output configuration:
 #0: stdout all=warning uptime,level,tags
 #1: stderr all=off uptime,level,tags

Environment Variables:
JAVA_HOME=D:\java
PATH=C:\WINDOWS\system32;C:\WINDOWS;C:\WINDOWS\System32\Wbem;C:\WINDOWS\System32\WindowsPowerShell\v1.0\;C:\Program Files (x86)\Microsoft SQL Server\100\Tools\Binn\;C:\Program Files\Microsoft SQL Server\100\Tools\Binn\;C:\Program Files\Microsoft SQL Server\100\DTS\Binn\;C:\WINDOWS\System32\OpenSSH\;C:\Program Files\Microsoft SQL Server\130\Tools\Binn\;D:\java\bin;D:\java\;C:\Users\Chennuo\AppData\Local\Microsoft\WindowsApps;C:\Users\Chennuo\AppData\Local\GitHubDesktop\bin;D:\大学\SRTP\bin;D:\大学\SRTP\ITK-SNAP 3.8\bin;C:\Users\Chennuo\AppData\Roaming\npm
USERNAME=Chennuo
OS=Windows_NT
PROCESSOR_IDENTIFIER=Intel64 Family 6 Model 158 Stepping 9, GenuineIntel



---------------  S Y S T E M  ---------------

OS: Windows 10 , 64 bit Build 17134 (10.0.17134.753)

CPU:total 4 (initial active 4) (4 cores per cpu, 1 threads per core) family 6 model 158 stepping 9, cmov, cx8, fxsr, mmx, sse, sse2, sse3, ssse3, sse4.1, sse4.2, popcnt, avx, avx2, aes, clmul, erms, 3dnowpref, lzcnt, tsc, tscinvbit, bmi1, bmi2, adx, fma

Memory: 4k page, system-wide physical 8067M (2143M free)
TotalPageFile size 8067M (AvailPageFile size 3M)
current process WorkingSet (physical memory assigned to process): 58M, peak: 58M
current process commit charge ("private bytes"): 207M, peak: 207M

vm_info: Java HotSpot(TM) 64-Bit Server VM (12.0.1+12) for windows-amd64 JRE (12.0.1+12), built on Apr  2 2019 14:02:19 by "mach5one" with MS VC++ 15.5 (VS2017)

END.
