#
# There is insufficient memory for the Java Runtime Environment to continue.
# Native memory allocation (malloc) failed to allocate 127856 bytes for Chunk::new
# Possible reasons:
#   The system is out of physical RAM or swap space
#   The process is running with CompressedOops enabled, and the Java Heap may be blocking the growth of the native heap
# Possible solutions:
#   Reduce memory load on the system
#   Increase physical memory or swap space
#   Check if swap backing store is full
#   Decrease Java heap size (-Xmx/-Xms)
#   Decrease number of Java threads
#   Decrease Java thread stack sizes (-Xss)
#   Set larger code cache with -XX:ReservedCodeCacheSize=
#   JVM is running with Unscaled Compressed Oops mode in which the Java heap is
#     placed in the first 4GB address space. The Java Heap base address is the
#     maximum limit for the native heap growth. Please use -XX:HeapBaseMinAddress
#     to set the Java Heap base and to place the Java Heap above 4GB virtual address.
# This output file may be truncated or incomplete.
#
#  Out of Memory Error (t:/workspace/open/src/hotspot/share/memory/arena.cpp:197), pid=17756, tid=19876
#
# JRE version: Java(TM) SE Runtime Environment (12.0.1+12) (build 12.0.1+12)
# Java VM: Java HotSpot(TM) 64-Bit Server VM (12.0.1+12, mixed mode, sharing, tiered, compressed oops, g1 gc, windows-amd64)
# No core dump will be written. Minidumps are not enabled by default on client versions of Windows
#

---------------  S U M M A R Y ------------

Command Line: --add-modules=ALL-SYSTEM --add-opens=java.base/java.util=ALL-UNNAMED --add-opens=java.base/java.lang=ALL-UNNAMED -Declipse.application=org.eclipse.jdt.ls.core.id1 -Dosgi.bundles.defaultStartLevel=4 -Declipse.product=org.eclipse.jdt.ls.core.product -Dfile.encoding=utf8 -DwatchParentProcess=false -Xverify:none -Xmx1G -XX:+UseG1GC -XX:+UseStringDeduplication C:\Users\Chennuo\.vscode\extensions\redhat.java-0.46.0\server\plugins\org.eclipse.equinox.launcher_1.5.400.v20190515-0925.jar -configuration C:\Users\Chennuo\.vscode\extensions\redhat.java-0.46.0\server\config_win -data c:\Users\Chennuo\AppData\Roaming\Code\User\workspaceStorage\00b880fa279b4631ab0bb3e30aca4a82\redhat.java\jdt_ws

Host: Intel(R) Core(TM) i5-7300HQ CPU @ 2.50GHz, 4 cores, 7G,  Windows 10 , 64 bit Build 17134 (10.0.17134.753)
Time: Mon Jun 10 13:55:12 2019 ?D1ú±ê×?ê±?? elapsed time: 5 seconds (0d 0h 0m 5s)

---------------  T H R E A D  ---------------

Current thread (0x000001f7f641f800):  JavaThread "C2 CompilerThread0" daemon [_thread_in_native, id=19876, stack(0x00000015f7900000,0x00000015f7a00000)]


Current CompileTask:
C2:   5585 4937       4       com.sun.crypto.provider.AESCrypt::implEncryptBlock (953 bytes)

Stack: [0x00000015f7900000,0x00000015f7a00000]
Native frames: (J=compiled Java code, j=interpreted, Vv=VM code, C=native code)
V  [jvm.dll+0x63948a]
V  [jvm.dll+0x78b31f]
V  [jvm.dll+0x78c9c1]
V  [jvm.dll+0x78d013]
V  [jvm.dll+0x262138]
V  [jvm.dll+0xc582c]
V  [jvm.dll+0xc5dac]
V  [jvm.dll+0x3796a7]
V  [jvm.dll+0x1aeab0]
V  [jvm.dll+0x21c142]
V  [jvm.dll+0x21b20a]
V  [jvm.dll+0x199890]
V  [jvm.dll+0x22a534]
V  [jvm.dll+0x228b88]
V  [jvm.dll+0x74f660]
V  [jvm.dll+0x748648]
V  [jvm.dll+0x638566]
C  [ucrtbase.dll+0x1e3fe]
C  [KERNEL32.DLL+0x14034]
C  [ntdll.dll+0x73691]


---------------  P R O C E S S  ---------------

Threads class SMR info:
_java_thread_list=0x000001f7fb8ca570, length=24, elements={
0x000001f7da50d000, 0x000001f7f63fc800, 0x000001f7f63fd800, 0x000001f7f641c000,
0x000001f7f641c800, 0x000001f7f641f800, 0x000001f7f6434800, 0x000001f7f6426800,
0x000001f7f6d64000, 0x000001f7f6e5a800, 0x000001f7f8284800, 0x000001f7f8761000,
0x000001f7f773b800, 0x000001f7f722b000, 0x000001f7f83df800, 0x000001f7f7828800,
0x000001f7f8ae2000, 0x000001f7f6f93800, 0x000001f7f77a7800, 0x000001f7f991c800,
0x000001f7f991f800, 0x000001f7f991a000, 0x000001f7f991b800, 0x000001f7f9920800
}

Java Threads: ( => current thread )
  0x000001f7da50d000 JavaThread "main" [_thread_blocked, id=25200, stack(0x00000015f6d00000,0x00000015f6e00000)]
  0x000001f7f63fc800 JavaThread "Reference Handler" daemon [_thread_blocked, id=4044, stack(0x00000015f7500000,0x00000015f7600000)]
  0x000001f7f63fd800 JavaThread "Finalizer" daemon [_thread_blocked, id=1628, stack(0x00000015f7600000,0x00000015f7700000)]
  0x000001f7f641c000 JavaThread "Signal Dispatcher" daemon [_thread_blocked, id=6636, stack(0x00000015f7700000,0x00000015f7800000)]
  0x000001f7f641c800 JavaThread "Attach Listener" daemon [_thread_blocked, id=15204, stack(0x00000015f7800000,0x00000015f7900000)]
=>0x000001f7f641f800 JavaThread "C2 CompilerThread0" daemon [_thread_in_native, id=19876, stack(0x00000015f7900000,0x00000015f7a00000)]
  0x000001f7f6434800 JavaThread "C1 CompilerThread0" daemon [_thread_blocked, id=14540, stack(0x00000015f7a00000,0x00000015f7b00000)]
  0x000001f7f6426800 JavaThread "Sweeper thread" daemon [_thread_blocked, id=10232, stack(0x00000015f7b00000,0x00000015f7c00000)]
  0x000001f7f6d64000 JavaThread "Common-Cleaner" daemon [_thread_blocked, id=9748, stack(0x00000015f7c00000,0x00000015f7d00000)]
  0x000001f7f6e5a800 JavaThread "Service Thread" daemon [_thread_blocked, id=21956, stack(0x00000015f7e00000,0x00000015f7f00000)]
  0x000001f7f8284800 JavaThread "Active Thread: Equinox Container: 6e760616-f856-4d13-8736-92d3142ff6c2" [_thread_blocked, id=13212, stack(0x00000015f8200000,0x00000015f8300000)]
  0x000001f7f8761000 JavaThread "Framework Event Dispatcher: Equinox Container: 6e760616-f856-4d13-8736-92d3142ff6c2" daemon [_thread_blocked, id=9520, stack(0x00000015f8300000,0x00000015f8400000)]
  0x000001f7f773b800 JavaThread "Start Level: Equinox Container: 6e760616-f856-4d13-8736-92d3142ff6c2" daemon [_thread_blocked, id=22056, stack(0x00000015f8400000,0x00000015f8500000)]
  0x000001f7f722b000 JavaThread "Worker-JM" [_thread_blocked, id=3732, stack(0x00000015f8500000,0x00000015f8600000)]
  0x000001f7f83df800 JavaThread "Worker-0" [_thread_blocked, id=22120, stack(0x00000015f8600000,0x00000015f8700000)]
  0x000001f7f7828800 JavaThread "Worker-1: Loading available Gradle versions" [_thread_in_native, id=18820, stack(0x00000015f8700000,0x00000015f8800000)]
  0x000001f7f8ae2000 JavaThread "Java indexing" daemon [_thread_blocked, id=7404, stack(0x00000015f8800000,0x00000015f8900000)]
  0x000001f7f6f93800 JavaThread "pool-1-thread-1" [_thread_in_native, id=20708, stack(0x00000015f8a00000,0x00000015f8b00000)]
  0x000001f7f77a7800 JavaThread "Worker-2" [_thread_blocked, id=7648, stack(0x00000015f8b00000,0x00000015f8c00000)]
  0x000001f7f991c800 JavaThread "Worker-3" [_thread_blocked, id=20940, stack(0x00000015f8c00000,0x00000015f8d00000)]
  0x000001f7f991f800 JavaThread "Worker-4" [_thread_blocked, id=24960, stack(0x00000015f8e00000,0x00000015f8f00000)]
  0x000001f7f991a000 JavaThread "Worker-5" [_thread_blocked, id=25892, stack(0x00000015f8f00000,0x00000015f9000000)]
  0x000001f7f991b800 JavaThread "Bundle File Closer" daemon [_thread_blocked, id=14056, stack(0x00000015f9000000,0x00000015f9100000)]
  0x000001f7f9920800 JavaThread "C2 CompilerThread1" daemon [_thread_blocked, id=16212, stack(0x00000015f7d00000,0x00000015f7e00000)]

Other Threads:
  0x000001f7f63f8000 VMThread "VM Thread" [stack: 0x00000015f7400000,0x00000015f7500000] [id=20156]
  0x000001f7f6e4f000 WatcherThread [stack: 0x00000015f7f00000,0x00000015f8000000] [id=21084]
  0x000001f7da539800 GCTaskThread "GC Thread#0" [stack: 0x00000015f6e00000,0x00000015f6f00000] [id=20244]
  0x000001f7f74a8800 GCTaskThread "GC Thread#1" [stack: 0x00000015f8000000,0x00000015f8100000] [id=2564]
  0x000001f7f7745000 GCTaskThread "GC Thread#2" [stack: 0x00000015f8100000,0x00000015f8200000] [id=6696]
  0x000001f7f8b89800 GCTaskThread "GC Thread#3" [stack: 0x00000015f8900000,0x00000015f8a00000] [id=13388]
  0x000001f7da542000 ConcurrentGCThread "G1 Main Marker" [stack: 0x00000015f6f00000,0x00000015f7000000] [id=19568]
  0x000001f7da543800 ConcurrentGCThread "G1 Conc#0" [stack: 0x00000015f7000000,0x00000015f7100000] [id=10868]
  0x000001f7da5dd800 ConcurrentGCThread "G1 Refine#0" [stack: 0x00000015f7100000,0x00000015f7200000] [id=23668]
  0x000001f7f6274800 ConcurrentGCThread "G1 Young RemSet Sampling" [stack: 0x00000015f7200000,0x00000015f7300000] [id=24112]
  0x000001f7f627d000 ConcurrentGCThread "StrDedup" [stack: 0x00000015f7300000,0x00000015f7400000] [id=24400]

Threads with active compile tasks:
C2 CompilerThread0  4937       4       com.sun.crypto.provider.AESCrypt::implEncryptBlock (953 bytes)

VM state:not at safepoint (normal execution)

VM Mutex/Monitor currently owned by a thread: None

Heap address: 0x00000000c0000000, size: 1024 MB, Compressed Oops mode: 32-bit
Narrow klass base: 0x0000000800000000, Narrow klass shift: 3
Compressed class space size: 1073741824 Address: 0x00000008011a0000

Heap:
 garbage-first heap   total 117760K, used 57631K [0x00000000c0000000, 0x0000000100000000)
  region size 1024K, 29 young (29696K), 5 survivors (5120K)
 Metaspace       used 40227K, capacity 42518K, committed 42672K, reserved 1087488K
  class space    used 4207K, capacity 5069K, committed 5120K, reserved 1048576K
Heap Regions: E=young(eden), S=young(survivor), O=old, HS=humongous(starts), HC=humongous(continues), CS=collection set, F=free, A=archive, TAMS=top-at-mark-start (previous, next)
|   0|0x00000000c0000000, 0x00000000c00a6600, 0x00000000c0100000| 64%| O|  |TAMS 0x00000000c00a6600, 0x00000000c0000000| Untracked 
|   1|0x00000000c0100000, 0x00000000c0200000, 0x00000000c0200000|100%| O|  |TAMS 0x00000000c0200000, 0x00000000c0100000| Untracked 
|   2|0x00000000c0200000, 0x00000000c0300000, 0x00000000c0300000|100%| O|  |TAMS 0x00000000c0300000, 0x00000000c0200000| Untracked 
|   3|0x00000000c0300000, 0x00000000c0400000, 0x00000000c0400000|100%| O|  |TAMS 0x00000000c0400000, 0x00000000c0300000| Untracked 
|   4|0x00000000c0400000, 0x00000000c0500000, 0x00000000c0500000|100%| O|  |TAMS 0x00000000c0500000, 0x00000000c0400000| Untracked 
|   5|0x00000000c0500000, 0x00000000c0600000, 0x00000000c0600000|100%| O|  |TAMS 0x00000000c0600000, 0x00000000c0500000| Untracked 
|   6|0x00000000c0600000, 0x00000000c0700000, 0x00000000c0700000|100%| O|  |TAMS 0x00000000c0700000, 0x00000000c0600000| Untracked 
|   7|0x00000000c0700000, 0x00000000c0800000, 0x00000000c0800000|100%| O|  |TAMS 0x00000000c0800000, 0x00000000c0700000| Untracked 
|   8|0x00000000c0800000, 0x00000000c0900000, 0x00000000c0900000|100%| O|  |TAMS 0x00000000c0900000, 0x00000000c0800000| Untracked 
|   9|0x00000000c0900000, 0x00000000c0a00000, 0x00000000c0a00000|100%| O|  |TAMS 0x00000000c0a00000, 0x00000000c0900000| Untracked 
|  10|0x00000000c0a00000, 0x00000000c0b00000, 0x00000000c0b00000|100%| O|  |TAMS 0x00000000c0b00000, 0x00000000c0a00000| Untracked 
|  11|0x00000000c0b00000, 0x00000000c0c00000, 0x00000000c0c00000|100%| O|  |TAMS 0x00000000c0c00000, 0x00000000c0b00000| Untracked 
|  12|0x00000000c0c00000, 0x00000000c0d00000, 0x00000000c0d00000|100%| O|  |TAMS 0x00000000c0d00000, 0x00000000c0c00000| Untracked 
|  13|0x00000000c0d00000, 0x00000000c0e00000, 0x00000000c0e00000|100%| O|  |TAMS 0x00000000c0e00000, 0x00000000c0d00000| Untracked 
|  14|0x00000000c0e00000, 0x00000000c0f00000, 0x00000000c0f00000|100%| O|  |TAMS 0x00000000c0f00000, 0x00000000c0e00000| Untracked 
|  15|0x00000000c0f00000, 0x00000000c1000000, 0x00000000c1000000|100%| O|  |TAMS 0x00000000c1000000, 0x00000000c0f00000| Untracked 
|  16|0x00000000c1000000, 0x00000000c1100000, 0x00000000c1100000|100%| O|  |TAMS 0x00000000c1100000, 0x00000000c1000000| Untracked 
|  17|0x00000000c1100000, 0x00000000c1200000, 0x00000000c1200000|100%| O|  |TAMS 0x00000000c1200000, 0x00000000c1100000| Untracked 
|  18|0x00000000c1200000, 0x00000000c1300000, 0x00000000c1300000|100%| O|  |TAMS 0x00000000c1300000, 0x00000000c1200000| Untracked 
|  19|0x00000000c1300000, 0x00000000c1400000, 0x00000000c1400000|100%| O|  |TAMS 0x00000000c1400000, 0x00000000c1300000| Untracked 
|  20|0x00000000c1400000, 0x00000000c1500000, 0x00000000c1500000|100%| O|  |TAMS 0x00000000c1494800, 0x00000000c1400000| Untracked 
|  21|0x00000000c1500000, 0x00000000c1600000, 0x00000000c1600000|100%| O|  |TAMS 0x00000000c1500000, 0x00000000c1500000| Untracked 
|  22|0x00000000c1600000, 0x00000000c1700000, 0x00000000c1700000|100%|HS|  |TAMS 0x00000000c1600000, 0x00000000c1600000| Complete 
|  23|0x00000000c1700000, 0x00000000c1800000, 0x00000000c1800000|100%| O|  |TAMS 0x00000000c1700000, 0x00000000c1700000| Untracked 
|  24|0x00000000c1800000, 0x00000000c1900000, 0x00000000c1900000|100%| O|  |TAMS 0x00000000c1800000, 0x00000000c1800000| Untracked 
|  25|0x00000000c1900000, 0x00000000c1a00000, 0x00000000c1a00000|100%| O|  |TAMS 0x00000000c1900000, 0x00000000c1900000| Untracked 
|  26|0x00000000c1a00000, 0x00000000c1b00000, 0x00000000c1b00000|100%| O|  |TAMS 0x00000000c1a00000, 0x00000000c1a00000| Untracked 
|  27|0x00000000c1b00000, 0x00000000c1c00000, 0x00000000c1c00000|100%| O|  |TAMS 0x00000000c1b00000, 0x00000000c1b00000| Untracked 
|  28|0x00000000c1c00000, 0x00000000c1d00000, 0x00000000c1d00000|100%| O|  |TAMS 0x00000000c1c00000, 0x00000000c1c00000| Untracked 
|  29|0x00000000c1d00000, 0x00000000c1e00000, 0x00000000c1e00000|100%| O|  |TAMS 0x00000000c1d00000, 0x00000000c1d00000| Untracked 
|  30|0x00000000c1e00000, 0x00000000c1e2c200, 0x00000000c1f00000| 17%| O|  |TAMS 0x00000000c1e00000, 0x00000000c1e00000| Untracked 
|  31|0x00000000c1f00000, 0x00000000c1f00000, 0x00000000c2000000|  0%| F|  |TAMS 0x00000000c1f00000, 0x00000000c1f00000| Untracked 
|  32|0x00000000c2000000, 0x00000000c2000000, 0x00000000c2100000|  0%| F|  |TAMS 0x00000000c2000000, 0x00000000c2000000| Untracked 
|  33|0x00000000c2100000, 0x00000000c2100000, 0x00000000c2200000|  0%| F|  |TAMS 0x00000000c2100000, 0x00000000c2100000| Untracked 
|  34|0x00000000c2200000, 0x00000000c2200000, 0x00000000c2300000|  0%| F|  |TAMS 0x00000000c2200000, 0x00000000c2200000| Untracked 
|  35|0x00000000c2300000, 0x00000000c2300000, 0x00000000c2400000|  0%| F|  |TAMS 0x00000000c2300000, 0x00000000c2300000| Untracked 
|  36|0x00000000c2400000, 0x00000000c2400000, 0x00000000c2500000|  0%| F|  |TAMS 0x00000000c2400000, 0x00000000c2400000| Untracked 
|  37|0x00000000c2500000, 0x00000000c2500000, 0x00000000c2600000|  0%| F|  |TAMS 0x00000000c2500000, 0x00000000c2500000| Untracked 
|  38|0x00000000c2600000, 0x00000000c2600000, 0x00000000c2700000|  0%| F|  |TAMS 0x00000000c2600000, 0x00000000c2600000| Untracked 
|  39|0x00000000c2700000, 0x00000000c2700000, 0x00000000c2800000|  0%| F|  |TAMS 0x00000000c2700000, 0x00000000c2700000| Untracked 
|  40|0x00000000c2800000, 0x00000000c2800000, 0x00000000c2900000|  0%| F|  |TAMS 0x00000000c2800000, 0x00000000c2800000| Untracked 
|  41|0x00000000c2900000, 0x00000000c2900000, 0x00000000c2a00000|  0%| F|  |TAMS 0x00000000c2900000, 0x00000000c2900000| Untracked 
|  42|0x00000000c2a00000, 0x00000000c2a00000, 0x00000000c2b00000|  0%| F|  |TAMS 0x00000000c2a00000, 0x00000000c2a00000| Untracked 
|  43|0x00000000c2b00000, 0x00000000c2b00000, 0x00000000c2c00000|  0%| F|  |TAMS 0x00000000c2b00000, 0x00000000c2b00000| Untracked 
|  44|0x00000000c2c00000, 0x00000000c2c00000, 0x00000000c2d00000|  0%| F|  |TAMS 0x00000000c2c00000, 0x00000000c2c00000| Untracked 
|  45|0x00000000c2d00000, 0x00000000c2d00000, 0x00000000c2e00000|  0%| F|  |TAMS 0x00000000c2d00000, 0x00000000c2d00000| Untracked 
|  46|0x00000000c2e00000, 0x00000000c2e00000, 0x00000000c2f00000|  0%| F|  |TAMS 0x00000000c2e00000, 0x00000000c2e00000| Untracked 
|  47|0x00000000c2f00000, 0x00000000c2f00000, 0x00000000c3000000|  0%| F|  |TAMS 0x00000000c2f00000, 0x00000000c2f00000| Untracked 
|  48|0x00000000c3000000, 0x00000000c3000000, 0x00000000c3100000|  0%| F|  |TAMS 0x00000000c3000000, 0x00000000c3000000| Untracked 
|  49|0x00000000c3100000, 0x00000000c3100000, 0x00000000c3200000|  0%| F|  |TAMS 0x00000000c3100000, 0x00000000c3100000| Untracked 
|  50|0x00000000c3200000, 0x00000000c3200000, 0x00000000c3300000|  0%| F|  |TAMS 0x00000000c3200000, 0x00000000c3200000| Untracked 
|  51|0x00000000c3300000, 0x00000000c3300000, 0x00000000c3400000|  0%| F|  |TAMS 0x00000000c3300000, 0x00000000c3300000| Untracked 
|  52|0x00000000c3400000, 0x00000000c3400000, 0x00000000c3500000|  0%| F|  |TAMS 0x00000000c3400000, 0x00000000c3400000| Untracked 
|  53|0x00000000c3500000, 0x00000000c3500000, 0x00000000c3600000|  0%| F|  |TAMS 0x00000000c3500000, 0x00000000c3500000| Untracked 
|  54|0x00000000c3600000, 0x00000000c3600000, 0x00000000c3700000|  0%| F|  |TAMS 0x00000000c3600000, 0x00000000c3600000| Untracked 
|  55|0x00000000c3700000, 0x00000000c3700000, 0x00000000c3800000|  0%| F|  |TAMS 0x00000000c3700000, 0x00000000c3700000| Untracked 
|  56|0x00000000c3800000, 0x00000000c3800000, 0x00000000c3900000|  0%| F|  |TAMS 0x00000000c3800000, 0x00000000c3800000| Untracked 
|  57|0x00000000c3900000, 0x00000000c3900000, 0x00000000c3a00000|  0%| F|  |TAMS 0x00000000c3900000, 0x00000000c3900000| Untracked 
|  58|0x00000000c3a00000, 0x00000000c3a00000, 0x00000000c3b00000|  0%| F|  |TAMS 0x00000000c3a00000, 0x00000000c3a00000| Untracked 
|  59|0x00000000c3b00000, 0x00000000c3b00000, 0x00000000c3c00000|  0%| F|  |TAMS 0x00000000c3b00000, 0x00000000c3b00000| Untracked 
|  60|0x00000000c3c00000, 0x00000000c3c00000, 0x00000000c3d00000|  0%| F|  |TAMS 0x00000000c3c00000, 0x00000000c3c00000| Untracked 
|  61|0x00000000c3d00000, 0x00000000c3d00000, 0x00000000c3e00000|  0%| F|  |TAMS 0x00000000c3d00000, 0x00000000c3d00000| Untracked 
|  62|0x00000000c3e00000, 0x00000000c3e00000, 0x00000000c3f00000|  0%| F|  |TAMS 0x00000000c3e00000, 0x00000000c3e00000| Untracked 
|  63|0x00000000c3f00000, 0x00000000c3f00000, 0x00000000c4000000|  0%| F|  |TAMS 0x00000000c3f00000, 0x00000000c3f00000| Untracked 
|  64|0x00000000c4000000, 0x00000000c4000000, 0x00000000c4100000|  0%| F|  |TAMS 0x00000000c4000000, 0x00000000c4000000| Untracked 
|  65|0x00000000c4100000, 0x00000000c4100000, 0x00000000c4200000|  0%| F|  |TAMS 0x00000000c4100000, 0x00000000c4100000| Untracked 
|  66|0x00000000c4200000, 0x00000000c4200000, 0x00000000c4300000|  0%| F|  |TAMS 0x00000000c4200000, 0x00000000c4200000| Untracked 
|  67|0x00000000c4300000, 0x00000000c4300000, 0x00000000c4400000|  0%| F|  |TAMS 0x00000000c4300000, 0x00000000c4300000| Untracked 
|  68|0x00000000c4400000, 0x00000000c4400000, 0x00000000c4500000|  0%| F|  |TAMS 0x00000000c4400000, 0x00000000c4400000| Untracked 
|  69|0x00000000c4500000, 0x00000000c4500000, 0x00000000c4600000|  0%| F|  |TAMS 0x00000000c4500000, 0x00000000c4500000| Untracked 
|  70|0x00000000c4600000, 0x00000000c4600000, 0x00000000c4700000|  0%| F|  |TAMS 0x00000000c4600000, 0x00000000c4600000| Untracked 
|  71|0x00000000c4700000, 0x00000000c4700000, 0x00000000c4800000|  0%| F|  |TAMS 0x00000000c4700000, 0x00000000c4700000| Untracked 
|  72|0x00000000c4800000, 0x00000000c4800000, 0x00000000c4900000|  0%| F|  |TAMS 0x00000000c4800000, 0x00000000c4800000| Untracked 
|  73|0x00000000c4900000, 0x00000000c4900000, 0x00000000c4a00000|  0%| F|  |TAMS 0x00000000c4900000, 0x00000000c4900000| Untracked 
|  74|0x00000000c4a00000, 0x00000000c4a00000, 0x00000000c4b00000|  0%| F|  |TAMS 0x00000000c4a00000, 0x00000000c4a00000| Untracked 
|  75|0x00000000c4b00000, 0x00000000c4b00000, 0x00000000c4c00000|  0%| F|  |TAMS 0x00000000c4b00000, 0x00000000c4b00000| Untracked 
|  76|0x00000000c4c00000, 0x00000000c4c75780, 0x00000000c4d00000| 45%| S|CS|TAMS 0x00000000c4c00000, 0x00000000c4c00000| Complete 
|  77|0x00000000c4d00000, 0x00000000c4e00000, 0x00000000c4e00000|100%| S|CS|TAMS 0x00000000c4d00000, 0x00000000c4d00000| Complete 
|  78|0x00000000c4e00000, 0x00000000c4f00000, 0x00000000c4f00000|100%| S|CS|TAMS 0x00000000c4e00000, 0x00000000c4e00000| Complete 
|  79|0x00000000c4f00000, 0x00000000c5000000, 0x00000000c5000000|100%| S|CS|TAMS 0x00000000c4f00000, 0x00000000c4f00000| Complete 
|  80|0x00000000c5000000, 0x00000000c5100000, 0x00000000c5100000|100%| S|CS|TAMS 0x00000000c5000000, 0x00000000c5000000| Complete 
|  81|0x00000000c5100000, 0x00000000c5100000, 0x00000000c5200000|  0%| F|  |TAMS 0x00000000c5100000, 0x00000000c5100000| Untracked 
|  82|0x00000000c5200000, 0x00000000c5200000, 0x00000000c5300000|  0%| F|  |TAMS 0x00000000c5200000, 0x00000000c5200000| Untracked 
|  83|0x00000000c5300000, 0x00000000c5300000, 0x00000000c5400000|  0%| F|  |TAMS 0x00000000c5300000, 0x00000000c5300000| Untracked 
|  84|0x00000000c5400000, 0x00000000c5400000, 0x00000000c5500000|  0%| F|  |TAMS 0x00000000c5400000, 0x00000000c5400000| Untracked 
|  85|0x00000000c5500000, 0x00000000c5500000, 0x00000000c5600000|  0%| F|  |TAMS 0x00000000c5500000, 0x00000000c5500000| Untracked 
|  86|0x00000000c5600000, 0x00000000c5600000, 0x00000000c5700000|  0%| F|  |TAMS 0x00000000c5600000, 0x00000000c5600000| Untracked 
|  87|0x00000000c5700000, 0x00000000c5700000, 0x00000000c5800000|  0%| F|  |TAMS 0x00000000c5700000, 0x00000000c5700000| Untracked 
|  88|0x00000000c5800000, 0x00000000c5800000, 0x00000000c5900000|  0%| F|  |TAMS 0x00000000c5800000, 0x00000000c5800000| Untracked 
|  89|0x00000000c5900000, 0x00000000c5900000, 0x00000000c5a00000|  0%| F|  |TAMS 0x00000000c5900000, 0x00000000c5900000| Untracked 
|  90|0x00000000c5a00000, 0x00000000c5a00000, 0x00000000c5b00000|  0%| F|  |TAMS 0x00000000c5a00000, 0x00000000c5a00000| Untracked 
|  91|0x00000000c5b00000, 0x00000000c5bf6d40, 0x00000000c5c00000| 96%| E|  |TAMS 0x00000000c5b00000, 0x00000000c5b00000| Complete 
|  92|0x00000000c5c00000, 0x00000000c5d00000, 0x00000000c5d00000|100%| E|CS|TAMS 0x00000000c5c00000, 0x00000000c5c00000| Complete 
|  93|0x00000000c5d00000, 0x00000000c5e00000, 0x00000000c5e00000|100%| E|CS|TAMS 0x00000000c5d00000, 0x00000000c5d00000| Complete 
|  94|0x00000000c5e00000, 0x00000000c5f00000, 0x00000000c5f00000|100%| E|CS|TAMS 0x00000000c5e00000, 0x00000000c5e00000| Complete 
|  95|0x00000000c5f00000, 0x00000000c6000000, 0x00000000c6000000|100%| E|CS|TAMS 0x00000000c5f00000, 0x00000000c5f00000| Complete 
|  96|0x00000000c6000000, 0x00000000c60ff920, 0x00000000c6100000| 99%| E|  |TAMS 0x00000000c6000000, 0x00000000c6000000| Complete 
|  97|0x00000000c6100000, 0x00000000c6200000, 0x00000000c6200000|100%| E|CS|TAMS 0x00000000c6100000, 0x00000000c6100000| Complete 
|  98|0x00000000c6200000, 0x00000000c6300000, 0x00000000c6300000|100%| E|CS|TAMS 0x00000000c6200000, 0x00000000c6200000| Complete 
|  99|0x00000000c6300000, 0x00000000c6400000, 0x00000000c6400000|100%| E|CS|TAMS 0x00000000c6300000, 0x00000000c6300000| Complete 
| 100|0x00000000c6400000, 0x00000000c6500000, 0x00000000c6500000|100%| E|CS|TAMS 0x00000000c6400000, 0x00000000c6400000| Complete 
| 101|0x00000000c6500000, 0x00000000c6600000, 0x00000000c6600000|100%| E|CS|TAMS 0x00000000c6500000, 0x00000000c6500000| Complete 
| 102|0x00000000c6600000, 0x00000000c6700000, 0x00000000c6700000|100%| E|CS|TAMS 0x00000000c6600000, 0x00000000c6600000| Complete 
| 103|0x00000000c6700000, 0x00000000c6800000, 0x00000000c6800000|100%| E|CS|TAMS 0x00000000c6700000, 0x00000000c6700000| Complete 
| 104|0x00000000c6800000, 0x00000000c6900000, 0x00000000c6900000|100%| E|CS|TAMS 0x00000000c6800000, 0x00000000c6800000| Complete 
| 105|0x00000000c6900000, 0x00000000c6a00000, 0x00000000c6a00000|100%| E|CS|TAMS 0x00000000c6900000, 0x00000000c6900000| Complete 
| 106|0x00000000c6a00000, 0x00000000c6b00000, 0x00000000c6b00000|100%| E|CS|TAMS 0x00000000c6a00000, 0x00000000c6a00000| Complete 
| 107|0x00000000c6b00000, 0x00000000c6c00000, 0x00000000c6c00000|100%| E|CS|TAMS 0x00000000c6b00000, 0x00000000c6b00000| Complete 
| 108|0x00000000c6c00000, 0x00000000c6d00000, 0x00000000c6d00000|100%| E|CS|TAMS 0x00000000c6c00000, 0x00000000c6c00000| Complete 
| 109|0x00000000c6d00000, 0x00000000c6e00000, 0x00000000c6e00000|100%| E|CS|TAMS 0x00000000c6d00000, 0x00000000c6d00000| Complete 
| 110|0x00000000c6e00000, 0x00000000c6f00000, 0x00000000c6f00000|100%| E|CS|TAMS 0x00000000c6e00000, 0x00000000c6e00000| Complete 
| 111|0x00000000c6f00000, 0x00000000c7000000, 0x00000000c7000000|100%| E|CS|TAMS 0x00000000c6f00000, 0x00000000c6f00000| Complete 
| 112|0x00000000c7000000, 0x00000000c7100000, 0x00000000c7100000|100%| E|CS|TAMS 0x00000000c7000000, 0x00000000c7000000| Complete 
| 113|0x00000000c7100000, 0x00000000c7200000, 0x00000000c7200000|100%| E|CS|TAMS 0x00000000c7100000, 0x00000000c7100000| Complete 
| 127|0x00000000c7f00000, 0x00000000c8000000, 0x00000000c8000000|100%| E|CS|TAMS 0x00000000c7f00000, 0x00000000c7f00000| Complete 

Card table byte_map: [0x000001f7f1b10000,0x000001f7f1d10000] _byte_map_base: 0x000001f7f1510000

Marking Bits (Prev, Next): (CMBitMap*) 0x000001f7da53a388, (CMBitMap*) 0x000001f7da53a348
 Prev Bits: [0x000001f7f2f10000, 0x000001f7f3f10000)
 Next Bits: [0x000001f7f1f10000, 0x000001f7f2f10000)

Polling page: 0x000001f7d83d0000

Metaspace:

Usage:
  Non-class:     36.57 MB capacity,    35.18 MB ( 96%) used,     1.32 MB (  4%) free+waste,    73.50 KB ( <1%) overhead. 
      Class:      4.95 MB capacity,     4.11 MB ( 83%) used,   826.45 KB ( 16%) free+waste,    35.44 KB ( <1%) overhead. 
       Both:     41.52 MB capacity,    39.29 MB ( 95%) used,     2.13 MB (  5%) free+waste,   108.94 KB ( <1%) overhead. 

Virtual space:
  Non-class space:       38.00 MB reserved,      36.67 MB ( 97%) committed 
      Class space:        1.00 GB reserved,       5.00 MB ( <1%) committed 
             Both:        1.04 GB reserved,      41.67 MB (  4%) committed 

Chunk freelists:
   Non-Class:  4.88 KB
       Class:  2.38 KB
        Both:  7.25 KB

CodeHeap 'non-profiled nmethods': size=120064Kb used=2274Kb max_used=2274Kb free=117790Kb
 bounds [0x000001f7ea3d0000, 0x000001f7ea640000, 0x000001f7f1910000]
CodeHeap 'profiled nmethods': size=120000Kb used=9867Kb max_used=9867Kb free=110132Kb
 bounds [0x000001f7e2ea0000, 0x000001f7e3850000, 0x000001f7ea3d0000]
CodeHeap 'non-nmethods': size=5696Kb used=1272Kb max_used=1297Kb free=4423Kb
 bounds [0x000001f7e2910000, 0x000001f7e2b80000, 0x000001f7e2ea0000]
 total_blobs=6672 nmethods=4393 adapters=556
 compilation: enabled
              stopped_count=0, restarted_count=0
 full_count=0

Compilation events (10 events):
Event: 5.568 Thread 0x000001f7f641f800 4936       4       java.util.Arrays::fill (21 bytes)
Event: 5.570 Thread 0x000001f7f6434800 4938       3       com.sun.crypto.provider.GHASH::processBlocks (26 bytes)
Event: 5.571 Thread 0x000001f7f6434800 nmethod 4938 0x000001f7e3849290 code [0x000001f7e3849480, 0x000001f7e3849830]
Event: 5.574 Thread 0x000001f7f641f800 nmethod 4936 0x000001f7ea607b90 code [0x000001f7ea607d20, 0x000001f7ea607e58]
Event: 5.574 Thread 0x000001f7f641f800 4937       4       com.sun.crypto.provider.AESCrypt::implEncryptBlock (953 bytes)
Event: 5.575 Thread 0x000001f7f6434800 4939   !   3       sun.nio.cs.StreamDecoder::readBytes (289 bytes)
Event: 5.576 Thread 0x000001f7f6434800 nmethod 4939 0x000001f7e3849a90 code [0x000001f7e3849dc0, 0x000001f7e384ad90]
Event: 5.576 Thread 0x000001f7f9920800 nmethod 4935 0x000001f7ea607f90 code [0x000001f7ea608140, 0x000001f7ea608678]
Event: 5.581 Thread 0x000001f7f6434800 4940       3       java.lang.Math::addExact (26 bytes)
Event: 5.582 Thread 0x000001f7f6434800 nmethod 4940 0x000001f7e384b590 code [0x000001f7e384b760, 0x000001f7e384b9d0]

GC Heap History (10 events):
Event: 3.014 GC heap before
{Heap before GC invocations=17 (full 0):
 garbage-first heap   total 67584K, used 45690K [0x00000000c0000000, 0x0000000100000000)
  region size 1024K, 22 young (22528K), 2 survivors (2048K)
 Metaspace       used 33692K, capacity 35948K, committed 36144K, reserved 1081344K
  class space    used 3548K, capacity 4375K, committed 4480K, reserved 1048576K
}
Event: 3.019 GC heap after
{Heap after GC invocations=18 (full 0):
 garbage-first heap   total 67584K, used 26895K [0x00000000c0000000, 0x0000000100000000)
  region size 1024K, 3 young (3072K), 3 survivors (3072K)
 Metaspace       used 33692K, capacity 35948K, committed 36144K, reserved 1081344K
  class space    used 3548K, capacity 4375K, committed 4480K, reserved 1048576K
}
Event: 3.051 GC heap before
{Heap before GC invocations=18 (full 0):
 garbage-first heap   total 67584K, used 46351K [0x00000000c0000000, 0x0000000100000000)
  region size 1024K, 22 young (22528K), 3 survivors (3072K)
 Metaspace       used 33692K, capacity 35948K, committed 36144K, reserved 1081344K
  class space    used 3548K, capacity 4375K, committed 4480K, reserved 1048576K
}
Event: 3.056 GC heap after
{Heap after GC invocations=19 (full 0):
 garbage-first heap   total 67584K, used 28673K [0x00000000c0000000, 0x0000000100000000)
  region size 1024K, 2 young (2048K), 2 survivors (2048K)
 Metaspace       used 33692K, capacity 35948K, committed 36144K, reserved 1081344K
  class space    used 3548K, capacity 4375K, committed 4480K, reserved 1048576K
}
Event: 3.086 GC heap before
{Heap before GC invocations=19 (full 0):
 garbage-first heap   total 67584K, used 48129K [0x00000000c0000000, 0x0000000100000000)
  region size 1024K, 21 young (21504K), 2 survivors (2048K)
 Metaspace       used 33692K, capacity 35948K, committed 36144K, reserved 1081344K
  class space    used 3548K, capacity 4375K, committed 4480K, reserved 1048576K
}
Event: 3.092 GC heap after
{Heap after GC invocations=20 (full 0):
 garbage-first heap   total 67584K, used 30536K [0x00000000c0000000, 0x0000000100000000)
  region size 1024K, 2 young (2048K), 2 survivors (2048K)
 Metaspace       used 33692K, capacity 35948K, committed 36144K, reserved 1081344K
  class space    used 3548K, capacity 4375K, committed 4480K, reserved 1048576K
}
Event: 3.119 GC heap before
{Heap before GC invocations=20 (full 0):
 garbage-first heap   total 67584K, used 49992K [0x00000000c0000000, 0x0000000100000000)
  region size 1024K, 21 young (21504K), 2 survivors (2048K)
 Metaspace       used 33692K, capacity 35948K, committed 36144K, reserved 1081344K
  class space    used 3548K, capacity 4375K, committed 4480K, reserved 1048576K
}
Event: 3.123 GC heap after
{Heap after GC invocations=21 (full 0):
 garbage-first heap   total 117760K, used 32240K [0x00000000c0000000, 0x0000000100000000)
  region size 1024K, 2 young (2048K), 2 survivors (2048K)
 Metaspace       used 33692K, capacity 35948K, committed 36144K, reserved 1081344K
  class space    used 3548K, capacity 4375K, committed 4480K, reserved 1048576K
}
Event: 3.437 GC heap before
{Heap before GC invocations=21 (full 0):
 garbage-first heap   total 117760K, used 67056K [0x00000000c0000000, 0x0000000100000000)
  region size 1024K, 36 young (36864K), 2 survivors (2048K)
 Metaspace       used 36356K, capacity 38646K, committed 38704K, reserved 1083392K
  class space    used 3819K, capacity 4693K, committed 4736K, reserved 1048576K
}
Event: 3.444 GC heap after
{Heap after GC invocations=22 (full 0):
 garbage-first heap   total 117760K, used 35103K [0x00000000c0000000, 0x0000000100000000)
  region size 1024K, 5 young (5120K), 5 survivors (5120K)
 Metaspace       used 36356K, capacity 38646K, committed 38704K, reserved 1083392K
  class space    used 3819K, capacity 4693K, committed 4736K, reserved 1048576K
}

Deoptimization events (10 events):
Event: 3.412 Thread 0x000001f7f6f93800 Uncommon trap: reason=class_check action=maybe_recompile pc=0x000001f7ea50f4f0 method=java.util.HashMap.removeNode(ILjava/lang/Object;Ljava/lang/Object;ZZ)Ljava/util/HashMap$Node; @ 283 c2
Event: 3.412 Thread 0x000001f7f6f93800 Uncommon trap: reason=class_check action=maybe_recompile pc=0x000001f7ea50e408 method=java.util.HashMap.removeNode(ILjava/lang/Object;Ljava/lang/Object;ZZ)Ljava/util/HashMap$Node; @ 283 c2
Event: 4.012 Thread 0x000001f7f7828800 Uncommon trap: reason=unstable_if action=reinterpret pc=0x000001f7ea53c874 method=java.lang.CharacterDataLatin1.digit(II)I @ 12 c2
Event: 4.021 Thread 0x000001f7f7828800 Uncommon trap: reason=unstable_if action=reinterpret pc=0x000001f7ea51f940 method=java.util.HashMap.putVal(ILjava/lang/Object;Ljava/lang/Object;ZZ)Ljava/lang/Object; @ 162 c2
Event: 4.022 Thread 0x000001f7f7828800 Uncommon trap: reason=unstable_if action=reinterpret pc=0x000001f7ea53bf9c method=java.util.regex.Pattern$SliceI.match(Ljava/util/regex/Matcher;ILjava/lang/CharSequence;)Z @ 29 c2
Event: 4.438 Thread 0x000001f7f7828800 Uncommon trap: reason=unstable_if action=reinterpret pc=0x000001f7ea532a68 method=java.nio.Buffer.<init>(IIII)V @ 44 c2
Event: 4.492 Thread 0x000001f7f7828800 Uncommon trap: reason=class_check action=maybe_recompile pc=0x000001f7ea5f48b8 method=sun.security.util.math.intpoly.IntegerPolynomial$MutableElement.setSum(Lsun/security/util/math/IntegerModuloP;)Lsun/security/util/math/intpoly/IntegerPolynomial$MutableE
Event: 4.492 Thread 0x000001f7f7828800 Uncommon trap: reason=class_check action=maybe_recompile pc=0x000001f7ea5f48b8 method=sun.security.util.math.intpoly.IntegerPolynomial$MutableElement.setSum(Lsun/security/util/math/IntegerModuloP;)Lsun/security/util/math/intpoly/IntegerPolynomial$MutableE
Event: 4.492 Thread 0x000001f7f7828800 Uncommon trap: reason=class_check action=maybe_recompile pc=0x000001f7ea5f48b8 method=sun.security.util.math.intpoly.IntegerPolynomial$MutableElement.setSum(Lsun/security/util/math/IntegerModuloP;)Lsun/security/util/math/intpoly/IntegerPolynomial$MutableE
Event: 4.492 Thread 0x000001f7f7828800 Uncommon trap: reason=class_check action=maybe_recompile pc=0x000001f7ea5f48b8 method=sun.security.util.math.intpoly.IntegerPolynomial$MutableElement.setSum(Lsun/security/util/math/IntegerModuloP;)Lsun/security/util/math/intpoly/IntegerPolynomial$MutableE

Classes redefined (0 events):
No events

Internal exceptions (10 events):
Event: 3.334 Thread 0x000001f7f991f800 Exception <a 'java/io/FileNotFoundException'{0x00000000c5bbfa90}> (0x00000000c5bbfa90) thrown at [t:/workspace/open/src/hotspot/share/prims/jni.cpp, line 615]
Event: 3.339 Thread 0x000001f7f83df800 Exception <a 'java/io/FileNotFoundException'{0x00000000c6a6d0e0}> (0x00000000c6a6d0e0) thrown at [t:/workspace/open/src/hotspot/share/prims/jni.cpp, line 615]
Event: 3.388 Thread 0x000001f7f6f93800 Exception <a 'sun/nio/fs/WindowsException'{0x00000000c5be9820}> (0x00000000c5be9820) thrown at [t:/workspace/open/src/hotspot/share/prims/jni.cpp, line 615]
Event: 3.394 Thread 0x000001f7f991f800 Exception <a 'java/io/FileNotFoundException'{0x00000000c5bc1e98}> (0x00000000c5bc1e98) thrown at [t:/workspace/open/src/hotspot/share/prims/jni.cpp, line 615]
Event: 3.395 Thread 0x000001f7f991f800 Exception <a 'java/io/FileNotFoundException'{0x00000000c5bc37b0}> (0x00000000c5bc37b0) thrown at [t:/workspace/open/src/hotspot/share/prims/jni.cpp, line 615]
Event: 3.411 Thread 0x000001f7f991b800 Implicit null exception at 0x000001f7ea50906d to 0x000001f7ea50977e
Event: 3.576 Thread 0x000001f7f991f800 Exception <a 'java/lang/NoSuchMethodError'{0x00000000c61a3350}: java.lang.invoke.DirectMethodHandle$Holder.invokeStatic(Ljava/lang/Object;Ljava/lang/Object;Ljava/lang/Object;I)Ljava/lang/Object;> (0x00000000c61a3350) thrown at [t:/workspace/open/src/hotsp
Event: 3.576 Thread 0x000001f7f991f800 Exception <a 'java/lang/NoSuchMethodError'{0x00000000c61a6b88}: java.lang.invoke.DirectMethodHandle$Holder.invokeSpecial(Ljava/lang/Object;Ljava/lang/Object;Ljava/lang/Object;Ljava/lang/Object;I)Ljava/lang/Object;> (0x00000000c61a6b88) thrown at [t:/works
Event: 3.576 Thread 0x000001f7f991f800 Exception <a 'java/lang/NoSuchMethodError'{0x00000000c61a9c38}: java.lang.invoke.Invokers$Holder.linkToTargetMethod(Ljava/lang/Object;Ljava/lang/Object;ILjava/lang/Object;)Ljava/lang/Object;> (0x00000000c61a9c38) thrown at [t:/workspace/open/src/hotspot/s
Event: 3.597 Thread 0x000001f7f77a7800 Exception <a 'java/lang/NoSuchMethodError'{0x00000000c6008e98}: java.lang.invoke.DirectMethodHandle$Holder.invokeStatic(Ljava/lang/Object;Ljava/lang/Object;Ljava/lang/Object;Ljava/lang/Object;Ljava/lang/Object;Ljava/lang/Object;)V> (0x00000000c6008e98) th

Events (10 events):
Event: 5.572 Thread 0x000001f7f7828800 DEOPT PACKING pc=0x000001f7e38447fb sp=0x00000015f87fdb20
Event: 5.572 Thread 0x000001f7f7828800 DEOPT UNPACKING pc=0x000001f7e29399ce sp=0x00000015f87fcf50 mode 0
Event: 5.573 Thread 0x000001f7f7828800 DEOPT PACKING pc=0x000001f7e384482e sp=0x00000015f87fdb80
Event: 5.573 Thread 0x000001f7f7828800 DEOPT UNPACKING pc=0x000001f7e29399ce sp=0x00000015f87fcfb0 mode 0
Event: 5.575 Thread 0x000001f7f7828800 DEOPT PACKING pc=0x000001f7e38447fb sp=0x00000015f87fdb80
Event: 5.575 Thread 0x000001f7f7828800 DEOPT UNPACKING pc=0x000001f7e29399ce sp=0x00000015f87fcfb0 mode 0
Event: 5.576 Thread 0x000001f7f7828800 DEOPT PACKING pc=0x000001f7e384482e sp=0x00000015f87fdb80
Event: 5.576 Thread 0x000001f7f7828800 DEOPT UNPACKING pc=0x000001f7e29399ce sp=0x00000015f87fcfb0 mode 0
Event: 5.576 Thread 0x000001f7f7828800 DEOPT PACKING pc=0x000001f7e38447fb sp=0x00000015f87fdb80
Event: 5.576 Thread 0x000001f7f7828800 DEOPT UNPACKING pc=0x000001f7e29399ce sp=0x00000015f87fcfb0 mode 0


Dynamic libraries:
0x00007ff6a4710000 - 0x00007ff6a471f000 	D:\java\bin\java.exe
0x00007ffdec9a0000 - 0x00007ffdecb81000 	C:\WINDOWS\SYSTEM32\ntdll.dll
0x00007ffdead20000 - 0x00007ffdeadd1000 	C:\WINDOWS\System32\KERNEL32.DLL
0x00007ffde9bb0000 - 0x00007ffde9e23000 	C:\WINDOWS\System32\KERNELBASE.dll
0x00007ffde9940000 - 0x00007ffde9a38000 	C:\WINDOWS\System32\ucrtbase.dll
0x00007ffdd9f50000 - 0x00007ffdd9f68000 	D:\java\bin\jli.dll
0x00007ffdd9ec0000 - 0x00007ffdd9ed6000 	D:\java\bin\VCRUNTIME140.dll
0x00007ffdea570000 - 0x00007ffdea611000 	C:\WINDOWS\System32\ADVAPI32.dll
0x00007ffdea620000 - 0x00007ffdea6be000 	C:\WINDOWS\System32\msvcrt.dll
0x00007ffdeade0000 - 0x00007ffdeae3b000 	C:\WINDOWS\System32\sechost.dll
0x00007ffdea440000 - 0x00007ffdea564000 	C:\WINDOWS\System32\RPCRT4.dll
0x00007ffdea9a0000 - 0x00007ffdeab30000 	C:\WINDOWS\System32\USER32.dll
0x00007ffde9b90000 - 0x00007ffde9bb0000 	C:\WINDOWS\System32\win32u.dll
0x00007ffdd55a0000 - 0x00007ffdd5809000 	C:\WINDOWS\WinSxS\amd64_microsoft.windows.common-controls_6595b64144ccf1df_6.0.17134.765_none_fb42a1a930655896\COMCTL32.dll
0x00007ffdea6c0000 - 0x00007ffdea6e8000 	C:\WINDOWS\System32\GDI32.dll
0x00007ffdec640000 - 0x00007ffdec962000 	C:\WINDOWS\System32\combase.dll
0x00007ffde8fe0000 - 0x00007ffde9172000 	C:\WINDOWS\System32\gdi32full.dll
0x00007ffde8f60000 - 0x00007ffde8fda000 	C:\WINDOWS\System32\bcryptPrimitives.dll
0x00007ffde9af0000 - 0x00007ffde9b8f000 	C:\WINDOWS\System32\msvcp_win.dll
0x00007ffddee80000 - 0x00007ffddee8a000 	C:\WINDOWS\SYSTEM32\VERSION.dll
0x00007ffdeafa0000 - 0x00007ffdeafcd000 	C:\WINDOWS\System32\IMM32.DLL
0x00007ffdd33b0000 - 0x00007ffdd345a000 	D:\java\bin\msvcp140.dll
0x00007ffda9950000 - 0x00007ffdaa4c4000 	D:\java\bin\server\jvm.dll
0x00007ffdeab60000 - 0x00007ffdeab68000 	C:\WINDOWS\System32\PSAPI.DLL
0x00007ffde6e30000 - 0x00007ffde6e53000 	C:\WINDOWS\SYSTEM32\WINMM.dll
0x00007ffde2630000 - 0x00007ffde2639000 	C:\WINDOWS\SYSTEM32\WSOCK32.dll
0x00007ffdeae40000 - 0x00007ffdeaeac000 	C:\WINDOWS\System32\WS2_32.dll
0x00007ffde6e00000 - 0x00007ffde6e2a000 	C:\WINDOWS\SYSTEM32\WINMMBASE.dll
0x00007ffde9aa0000 - 0x00007ffde9ae9000 	C:\WINDOWS\System32\cfgmgr32.dll
0x00007ffde8d50000 - 0x00007ffde8d61000 	C:\WINDOWS\System32\kernel.appcore.dll
0x00007ffdd9ea0000 - 0x00007ffdd9eb1000 	D:\java\bin\verify.dll
0x00007ffdd7290000 - 0x00007ffdd7459000 	C:\WINDOWS\SYSTEM32\DBGHELP.DLL
0x00007ffdd7240000 - 0x00007ffdd7269000 	C:\WINDOWS\SYSTEM32\dbgcore.DLL
0x00007ffdd9a20000 - 0x00007ffdd9a46000 	D:\java\bin\java.dll
0x00007ffdd9c70000 - 0x00007ffdd9c87000 	D:\java\bin\zip.dll
0x00007ffde2570000 - 0x00007ffde257a000 	D:\java\bin\jimage.dll
0x00007ffdeb180000 - 0x00007ffdec5c0000 	C:\WINDOWS\System32\SHELL32.dll
0x00007ffdeb0d0000 - 0x00007ffdeb179000 	C:\WINDOWS\System32\shcore.dll
0x00007ffde9180000 - 0x00007ffde988d000 	C:\WINDOWS\System32\windows.storage.dll
0x00007ffde9f90000 - 0x00007ffde9fe1000 	C:\WINDOWS\System32\shlwapi.dll
0x00007ffde8d00000 - 0x00007ffde8d1f000 	C:\WINDOWS\System32\profapi.dll
0x00007ffde8cb0000 - 0x00007ffde8cfc000 	C:\WINDOWS\System32\powrprof.dll
0x00007ffde8d20000 - 0x00007ffde8d2a000 	C:\WINDOWS\System32\FLTLIB.DLL
0x00007ffdd9a00000 - 0x00007ffdd9a19000 	D:\java\bin\net.dll
0x00007ffdde280000 - 0x00007ffdde448000 	C:\WINDOWS\SYSTEM32\urlmon.dll
0x00007ffdde840000 - 0x00007ffdde91d000 	C:\WINDOWS\SYSTEM32\WINHTTP.dll
0x00007ffddd9d0000 - 0x00007ffdddc77000 	C:\WINDOWS\SYSTEM32\iertutil.dll
0x00007ffde8700000 - 0x00007ffde870b000 	C:\WINDOWS\SYSTEM32\CRYPTBASE.DLL
0x00007ffde8530000 - 0x00007ffde8596000 	C:\WINDOWS\system32\mswsock.dll
0x00007ffdd99e0000 - 0x00007ffdd99f3000 	D:\java\bin\nio.dll
0x00007ffde86e0000 - 0x00007ffde86f7000 	C:\WINDOWS\SYSTEM32\CRYPTSP.dll
0x00007ffde8110000 - 0x00007ffde8143000 	C:\WINDOWS\system32\rsaenh.dll
0x00007ffde8810000 - 0x00007ffde8835000 	C:\WINDOWS\SYSTEM32\bcrypt.dll
0x00007ffde8be0000 - 0x00007ffde8c08000 	C:\WINDOWS\SYSTEM32\USERENV.dll
0x00007ffde82b0000 - 0x00007ffde82e8000 	C:\WINDOWS\SYSTEM32\IPHLPAPI.DLL
0x00007ffdead10000 - 0x00007ffdead18000 	C:\WINDOWS\System32\NSI.dll
0x00007ffddf3c0000 - 0x00007ffddf3d6000 	C:\WINDOWS\SYSTEM32\dhcpcsvc6.DLL
0x00007ffddf890000 - 0x00007ffddf8aa000 	C:\WINDOWS\SYSTEM32\dhcpcsvc.DLL
0x00007ffdd9590000 - 0x00007ffdd95b9000 	C:\Users\Chennuo\.vscode\extensions\redhat.java-0.46.0\server\config_win\org.eclipse.equinox.launcher\org.eclipse.equinox.launcher.win32.win32.x86_64_1.1.1000.v20190125-2016\eclipse_1801.dll
0x00007ffdd99c0000 - 0x00007ffdd99d1000 	C:\Users\Chennuo\.vscode\extensions\redhat.java-0.46.0\server\config_win\org.eclipse.osgi\20\0\.cp\jWinHttp-1.0.0.dll
0x00007ffde9e30000 - 0x00007ffde9f81000 	C:\WINDOWS\System32\ole32.dll
0x00007ffddf9a0000 - 0x00007ffddf9ae000 	D:\java\bin\sunmscapi.dll
0x00007ffde8d70000 - 0x00007ffde8f52000 	C:\WINDOWS\System32\CRYPT32.dll
0x00007ffde8d30000 - 0x00007ffde8d42000 	C:\WINDOWS\System32\MSASN1.dll
0x00007ffde87e0000 - 0x00007ffde8806000 	C:\WINDOWS\SYSTEM32\ncrypt.dll
0x00007ffde87a0000 - 0x00007ffde87d6000 	C:\WINDOWS\SYSTEM32\NTASN1.dll
0x00007ffdd9560000 - 0x00007ffdd9587000 	D:\java\bin\sunec.dll
0x00007ffdd87f0000 - 0x00007ffdd896a000 	C:\Program Files (x86)\Sangfor\SSL\ClientComponent\SangforTcpX64.dll
0x00007ffdea750000 - 0x00007ffdea812000 	C:\WINDOWS\System32\OLEAUT32.dll
0x00007ffde9a40000 - 0x00007ffde9a97000 	C:\WINDOWS\System32\WINTRUST.dll
0x00007ffdd45d0000 - 0x00007ffdd45fd000 	C:\Program Files (x86)\Sangfor\SSL\ClientComponent\SangforNspX64.dll
0x00007ffde82f0000 - 0x00007ffde83ae000 	C:\WINDOWS\SYSTEM32\DNSAPI.dll
0x00007ffddad40000 - 0x00007ffddad4a000 	C:\Windows\System32\rasadhlp.dll
0x00007ffddd610000 - 0x00007ffddd682000 	C:\WINDOWS\System32\fwpuclnt.dll

dbghelp: loaded successfully - version: 4.0.5 - missing functions: none
symbol engine: initialized successfully - sym options: 0x614 - pdb path: .;D:\java\bin;C:\WINDOWS\SYSTEM32;C:\WINDOWS\WinSxS\amd64_microsoft.windows.common-controls_6595b64144ccf1df_6.0.17134.765_none_fb42a1a930655896;D:\java\bin\server;C:\Users\Chennuo\.vscode\extensions\redhat.java-0.46.0\server\config_win\org.eclipse.equinox.launcher\org.eclipse.equinox.launcher.win32.win32.x86_64_1.1.1000.v20190125-2016;C:\Users\Chennuo\.vscode\extensions\redhat.java-0.46.0\server\config_win\org.eclipse.osgi\20\0\.cp;C:\Program Files (x86)\Sangfor\SSL\ClientComponent

VM Arguments:
jvm_args: --add-modules=ALL-SYSTEM --add-opens=java.base/java.util=ALL-UNNAMED --add-opens=java.base/java.lang=ALL-UNNAMED -Declipse.application=org.eclipse.jdt.ls.core.id1 -Dosgi.bundles.defaultStartLevel=4 -Declipse.product=org.eclipse.jdt.ls.core.product -Dfile.encoding=utf8 -DwatchParentProcess=false -Xverify:none -Xmx1G -XX:+UseG1GC -XX:+UseStringDeduplication 
java_command: C:\Users\Chennuo\.vscode\extensions\redhat.java-0.46.0\server\plugins\org.eclipse.equinox.launcher_1.5.400.v20190515-0925.jar -configuration C:\Users\Chennuo\.vscode\extensions\redhat.java-0.46.0\server\config_win -data c:\Users\Chennuo\AppData\Roaming\Code\User\workspaceStorage\00b880fa279b4631ab0bb3e30aca4a82\redhat.java\jdt_ws
java_class_path (initial): C:\Users\Chennuo\.vscode\extensions\redhat.java-0.46.0\server\plugins\org.eclipse.equinox.launcher_1.5.400.v20190515-0925.jar
Launcher Type: SUN_STANDARD

[Global flags]
     bool BytecodeVerificationLocal                = false                                     {product} {command line}
     bool BytecodeVerificationRemote               = false                                     {product} {command line}
     intx CICompilerCount                          = 3                                         {product} {ergonomic}
     uint ConcGCThreads                            = 1                                         {product} {ergonomic}
     uint G1ConcRefinementThreads                  = 4                                         {product} {ergonomic}
   size_t G1HeapRegionSize                         = 1048576                                   {product} {ergonomic}
    uintx GCDrainStackTargetSize                   = 64                                        {product} {ergonomic}
   size_t InitialHeapSize                          = 134217728                                 {product} {ergonomic}
   size_t MarkStackSize                            = 4194304                                   {product} {ergonomic}
   size_t MaxHeapSize                              = 1073741824                                {product} {command line}
   size_t MaxNewSize                               = 643825664                                 {product} {ergonomic}
   size_t MinHeapDeltaBytes                        = 1048576                                   {product} {ergonomic}
    uintx NonNMethodCodeHeapSize                   = 5830732                                {pd product} {ergonomic}
    uintx NonProfiledCodeHeapSize                  = 122913754                              {pd product} {ergonomic}
    uintx ProfiledCodeHeapSize                     = 122913754                              {pd product} {ergonomic}
    uintx ReservedCodeCacheSize                    = 251658240                              {pd product} {ergonomic}
     bool SegmentedCodeCache                       = true                                      {product} {ergonomic}
     bool UseCompressedClassPointers               = true                                 {lp64_product} {ergonomic}
     bool UseCompressedOops                        = true                                 {lp64_product} {ergonomic}
     bool UseG1GC                                  = true                                      {product} {command line}
     bool UseLargePagesIndividualAllocation        = false                                  {pd product} {ergonomic}
     bool UseStringDeduplication                   = true                                      {product} {command line}

Logging:
Log output configuration:
 #0: stdout all=warning uptime,level,tags
 #1: stderr all=off uptime,level,tags

Environment Variables:
JAVA_HOME=D:\java
PATH=C:\WINDOWS\system32;C:\WINDOWS;C:\WINDOWS\System32\Wbem;C:\WINDOWS\System32\WindowsPowerShell\v1.0\;C:\Program Files (x86)\Microsoft SQL Server\100\Tools\Binn\;C:\Program Files\Microsoft SQL Server\100\Tools\Binn\;C:\Program Files\Microsoft SQL Server\100\DTS\Binn\;C:\WINDOWS\System32\OpenSSH\;C:\Program Files\Microsoft SQL Server\130\Tools\Binn\;D:\java\bin;D:\java\;C:\Users\Chennuo\AppData\Local\Microsoft\WindowsApps;C:\Users\Chennuo\AppData\Local\GitHubDesktop\bin;D:\大学\SRTP\bin;D:\大学\SRTP\ITK-SNAP 3.8\bin;C:\Users\Chennuo\AppData\Roaming\npm
USERNAME=Chennuo
OS=Windows_NT
PROCESSOR_IDENTIFIER=Intel64 Family 6 Model 158 Stepping 9, GenuineIntel



---------------  S Y S T E M  ---------------

OS: Windows 10 , 64 bit Build 17134 (10.0.17134.753)

CPU:total 4 (initial active 4) (4 cores per cpu, 1 threads per core) family 6 model 158 stepping 9, cmov, cx8, fxsr, mmx, sse, sse2, sse3, ssse3, sse4.1, sse4.2, popcnt, avx, avx2, aes, clmul, erms, 3dnowpref, lzcnt, tsc, tscinvbit, bmi1, bmi2, adx, fma

Memory: 4k page, system-wide physical 8067M (1980M free)
TotalPageFile size 8067M (AvailPageFile size 5M)
current process WorkingSet (physical memory assigned to process): 218M, peak: 263M
current process commit charge ("private bytes"): 262M, peak: 308M

vm_info: Java HotSpot(TM) 64-Bit Server VM (12.0.1+12) for windows-amd64 JRE (12.0.1+12), built on Apr  2 2019 14:02:19 by "mach5one" with MS VC++ 15.5 (VS2017)

END.
